Log created: 2018-04-09T14:40:57.191406000Z
Executable: /usr/lib/virtualbox/VirtualBox
Arg[0]: /usr/lib/virtualbox/VirtualBox
Arg[1]: --comment
Arg[2]: os
Arg[3]: --startvm
Arg[4]: 2b0b3cc7-4615-4e77-a9b5-691c5432a507
Arg[5]: --no-startvm-errormsgbox
fatal error in recompiler cpu: Trying to execute code with memory type addr_code=00000000c2890020 addend=00007fbd51ee8000 at 00000000c2890cfc. (iHandlerMemType=0x38 iMMIOMemType=0x30)

!!!!!!!!!!!!!!!!!!!!!!!!!!!!!!!!!!!!!!!!!!!!!!!!!!!!!!!!!!!!!!!!!!!!!!
!!
!!         VCPU0: Guru Meditation -2301 (VERR_REM_VIRTUAL_CPU_ERROR)
!!
!!
!! {mappings, <NULL>}
!!

The mappings are DISABLED.
00000000ff800000 - 00000000ffbfffff  Hypervisor Memory Area
!!
!! {hma, <NULL>}
!!
Hypervisor Memory Area (HMA) Layout: Base 00000000ff800000, 0x00400000 bytes
00000000ffa64000-00000000ffa65000                                   DYNAMIC                  fence
00000000ffa54000-00000000ffa64000                                   DYNAMIC                  Dynamic mapping
00000000ff9d4000-00000000ffa54000                                   MMIO2   0000000000000000 VGA VRam
00000000ff9d3000-00000000ff9d4000                                   DYNAMIC                  fence
00000000ff9a0000-00000000ff9d3000 00007fbe14014000 00007fbe14014000 LOCKED                   alloc once (PGM_PHYS)
00000000ff99f000-00000000ff9a0000                                   DYNAMIC                  fence
00000000ff98b000-00000000ff99f000 00007fbe50000000 00007fbe50000000 LOCKED                   alloc once (PDM_DEVICE)
00000000ff98a000-00000000ff98b000                                   DYNAMIC                  fence
00000000ff989000-00000000ff98a000 00007fbe69314000 ffffa17481935000 HCPHYS  00000000463e7000 Core Code
00000000ff988000-00000000ff989000                                   DYNAMIC                  fence
00000000ff987000-00000000ff988000 00007fbe6950b000 0000000000000000 HCPHYS  000000003404e000 GIP
00000000ff986000-00000000ff987000                                   DYNAMIC                  fence
00000000ff945000-00000000ff986000 00007fbe4000c000 00007fbe4000c000 LOCKED                   alloc once (PGM_PHYS)
00000000ff944000-00000000ff945000                                   DYNAMIC                  fence
00000000ff931000-00000000ff944000 00007fbe69315000 00007fbe69315000 LOCKED                   alloc once (PGM_POOL)
00000000ff930000-00000000ff931000                                   DYNAMIC                  fence
00000000ff92b000-00000000ff930000                                   DYNAMIC                  CR3 mapping
00000000ff92a000-00000000ff92b000                                   DYNAMIC                  fence
00000000ff929000-00000000ff92a000 00007fbe69328000 ffffa1748192d000 LOCKED                   alloc once (CPUM_CTX)
00000000ff928000-00000000ff929000                                   DYNAMIC                  fence
00000000ff828000-00000000ff928000 00007fbe16af0000 00007fbe16af0000 LOCKED                   Heap
00000000ff827000-00000000ff828000                                   DYNAMIC                  fence
00000000ff801000-00000000ff827000 00007fbe5001a000 ffffa1748a121000 LOCKED                   VM
00000000ff800000-00000000ff801000                                   DYNAMIC                  fence
!!
!! {cpumguest, verbose}
!!
Guest CPUM (VCPU 0) state: 
eax=00000cfd ebx=00000000 ecx=00000000 edx=00000cf8 esi=00000000 edi=00003894
eip=c2890cfc esp=0010c285 ebp=001038a8 iopl=0      rf nv up ei pl zr na pe nc
cs={0008 base=0000000000000000 limit=ffffffff flags=0000c09b} dr0=00000000 dr1=00000000
ds={0010 base=0000000000000000 limit=ffffffff flags=0000c093} dr2=00000000 dr3=00000000
es={0010 base=0000000000000000 limit=ffffffff flags=0000c093} dr4=00000000 dr5=00000000
fs={0010 base=0000000000000000 limit=ffffffff flags=0000c093} dr6=ffff0ff0 dr7=00000400
gs={0010 base=0000000000000000 limit=ffffffff flags=0000c093} cr0=00000011 cr2=00000000
ss={0010 base=0000000000000000 limit=ffffffff flags=0000c093} cr3=00400000 cr4=00000000
gdtr=0000000000108254:0017  idtr=000000000010c2c0:07ff  eflags=00010202
ldtr={0000 base=00000000 limit=0000ffff flags=00000082}
tr  ={0000 base=00000000 limit=0000ffff flags=0000008b}
SysEnter={cs=0000 eip=00000000 esp=00000000}
xcr=0000000000000001 xcr1=0000000000000000 xss=0000000000000000 (fXStateMask=0000000000000000)
FCW=037f FSW=0000 FTW=0000 FOP=0000 MXCSR=00001f80 MXCSR_MASK=0000ffff
FPUIP=00000000 CS=0000 Rsrvd1=0000  FPUDP=00000000 DS=0000 Rsvrd2=0000
ST(0)=FPR0={0000'00000000'00000000} t0 +0.0000000000000000000000 * 2 ^ -16383 (*)
ST(1)=FPR1={0000'00000000'00000000} t0 +0.0000000000000000000000 * 2 ^ -16383 (*)
ST(2)=FPR2={0000'00000000'00000000} t0 +0.0000000000000000000000 * 2 ^ -16383 (*)
ST(3)=FPR3={0000'00000000'00000000} t0 +0.0000000000000000000000 * 2 ^ -16383 (*)
ST(4)=FPR4={0000'00000000'00000000} t0 +0.0000000000000000000000 * 2 ^ -16383 (*)
ST(5)=FPR5={0000'00000000'00000000} t0 +0.0000000000000000000000 * 2 ^ -16383 (*)
ST(6)=FPR6={0000'00000000'00000000} t0 +0.0000000000000000000000 * 2 ^ -16383 (*)
ST(7)=FPR7={0000'00000000'00000000} t0 +0.0000000000000000000000 * 2 ^ -16383 (*)
XMM0 =00000000'00000000'00000000'00000000  XMM1 =00000000'00000000'00000000'00000000
XMM2 =00000000'00000000'00000000'00000000  XMM3 =00000000'00000000'00000000'00000000
XMM4 =00000000'00000000'00000000'00000000  XMM5 =00000000'00000000'00000000'00000000
XMM6 =00000000'00000000'00000000'00000000  XMM7 =00000000'00000000'00000000'00000000
XMM8 =00000000'00000000'00000000'00000000  XMM9 =00000000'00000000'00000000'00000000
XMM10=00000000'00000000'00000000'00000000  XMM11=00000000'00000000'00000000'00000000
XMM12=00000000'00000000'00000000'00000000  XMM13=00000000'00000000'00000000'00000000
XMM14=00000000'00000000'00000000'00000000  XMM15=00000000'00000000'00000000'00000000
EFER         =0000000000000000
PAT          =0007040600070406
STAR         =0000000000000000
CSTAR        =0000000000000000
LSTAR        =0000000000000000
SFMASK       =0000000000000000
KERNELGSBASE =0000000000000000
!!
!! {cpumguestinstr, verbose}
!!

CPUM: Disas -> VERR_PGM_INVALID_GC_PHYSICAL_ADDRESS


!!
!! {cpumhyper, verbose}
!!
Hypervisor CPUM state: 
.eax=00000000 .ebx=00000000 .ecx=00000000 .edx=00000000 .esi=00000000 .edi=00000000
.eip=00000000 .esp=ff926000 .ebp=00000000 .iopl=0           nv up di pl zr na pe nc
.cs={0000 base=0000000000000000 limit=00000000 flags=00000000} .dr0=00000000 .dr1=00000000
.ds={0000 base=0000000000000000 limit=00000000 flags=00000000} .dr2=00000000 .dr3=00000000
.es={0000 base=0000000000000000 limit=00000000 flags=00000000} .dr4=00000000 .dr5=00000000
.fs={0000 base=0000000000000000 limit=00000000 flags=00000000} .dr6=00000000 .dr7=00000400
.gs={0000 base=0000000000000000 limit=00000000 flags=00000000} .cr0=00000000 .cr2=00000000
.ss={0000 base=0000000000000000 limit=00000000 flags=00000000} .cr3=00000000 .cr4=00000000
.gdtr=0000000000000000:0000  .idtr=0000000000000000:0000  .eflags=00000000
.ldtr={0000 base=00000000 limit=00000000 flags=00000000}
.tr  ={0000 base=00000000 limit=00000000 flags=00000000}
.SysEnter={cs=0000 eip=00000000 esp=00000000}
.xcr=0000000000000000 .xcr1=0000000000000000 .xss=0000000000000000 (fXStateMask=0000000000000000)
.FCW=0000 .FSW=0000 .FTW=0000 .FOP=0000 .MXCSR=00000000 .MXCSR_MASK=00000000
.FPUIP=00000000 .CS=0000 .Rsrvd1=0000  .FPUDP=00000000 .DS=0000 .Rsvrd2=0000
.ST(0)=.FPR0={0000'00000000'00000000} t0 +0.0000000000000000000000 * 2 ^ -16383 (*)
.ST(1)=.FPR1={0000'00000000'00000000} t0 +0.0000000000000000000000 * 2 ^ -16383 (*)
.ST(2)=.FPR2={0000'00000000'00000000} t0 +0.0000000000000000000000 * 2 ^ -16383 (*)
.ST(3)=.FPR3={0000'00000000'00000000} t0 +0.0000000000000000000000 * 2 ^ -16383 (*)
.ST(4)=.FPR4={0000'00000000'00000000} t0 +0.0000000000000000000000 * 2 ^ -16383 (*)
.ST(5)=.FPR5={0000'00000000'00000000} t0 +0.0000000000000000000000 * 2 ^ -16383 (*)
.ST(6)=.FPR6={0000'00000000'00000000} t0 +0.0000000000000000000000 * 2 ^ -16383 (*)
.ST(7)=.FPR7={0000'00000000'00000000} t0 +0.0000000000000000000000 * 2 ^ -16383 (*)
.XMM0 =00000000'00000000'00000000'00000000  .XMM1 =00000000'00000000'00000000'00000000
.XMM2 =00000000'00000000'00000000'00000000  .XMM3 =00000000'00000000'00000000'00000000
.XMM4 =00000000'00000000'00000000'00000000  .XMM5 =00000000'00000000'00000000'00000000
.XMM6 =00000000'00000000'00000000'00000000  .XMM7 =00000000'00000000'00000000'00000000
.XMM8 =00000000'00000000'00000000'00000000  .XMM9 =00000000'00000000'00000000'00000000
.XMM10=00000000'00000000'00000000'00000000  .XMM11=00000000'00000000'00000000'00000000
.XMM12=00000000'00000000'00000000'00000000  .XMM13=00000000'00000000'00000000'00000000
.XMM14=00000000'00000000'00000000'00000000  .XMM15=00000000'00000000'00000000'00000000
.EFER         =0000000000000000
.PAT          =0000000000000000
.STAR         =0000000000000000
.CSTAR        =0000000000000000
.LSTAR        =0000000000000000
.SFMASK       =0000000000000000
.KERNELGSBASE =0000000000000000
CR4OrMask=0x204 CR4AndMask=0x403
!!
!! {cpumhost, verbose}
!!
Host CPUM state: 
rax=xxxxxxxxxxxxxxxx rbx=0000000000000000 rcx=xxxxxxxxxxxxxxxx
rdx=xxxxxxxxxxxxxxxx rsi=0000000000000000 rdi=0000000000000000
rip=xxxxxxxxxxxxxxxx rsp=0000000000000000 rbp=0000000000000000
 r8=xxxxxxxxxxxxxxxx  r9=xxxxxxxxxxxxxxxx r10=0000000000000000
r11=0000000000000000 r12=0000000000000000 r13=0000000000000000
r14=0000000000000000 r15=0000000000000000
iopl=0          nv up di pl zr na pe nc
cs=0000  ds=0000  es=0000  fs=0000  gs=0000                   eflags=00000000
cr0=0000000000000000 cr2=xxxxxxxxxxxxxxxx cr3=0000000000000000
cr4=0000000000000000 ldtr=0000 tr=0000
dr[0]=0000000000000000 dr[1]=0000000000000000 dr[2]=0000000000000000
dr[3]=0000000000000000 dr[6]=0000000000000000 dr[7]=0000000000000000
gdtr=0000000000000000:0000  idtr=0000000000000000:0000
SysEnter={cs=0000 eip=00000000 esp=00000000}
FSbase=0000000000000000 GSbase=0000000000000000 efer=00000000
!!
!! {mode, all}
!!
Guest paging mode (VCPU #0):  Protected (changed 62914 times), A20 enabled (changed 2 times)
Shadow paging mode (VCPU #0): EPT
Host paging mode:              AMD64+G+NX
!!
!! {cpuid, verbose}
!!
         Raw Standard CPUID Leaves
     Leaf/sub-leaf  eax      ebx      ecx      edx
Gst: 00000000/0000  0000000d 756e6547 6c65746e 49656e69
Hst:                0000000d 756e6547 6c65746e 49656e69
Gst: 00000001/0000  000306c3 00000800 56da220b 078bfbff
Hst:                000306c3 04100800 7ffafbbf bfebfbff
Gst: 00000002/0000  76036301 00f0b6ff 00000000 00c10000
Hst:                76036301 00f0b6ff 00000000 00c10000
Gst: 00000003/0000  00000000 00000000 00000000 00000000
Hst:                00000000 00000000 00000000 00000000
Gst: 00000004/0000  00000121 01c0003f 0000003f 00000000
Hst:                1c004121 01c0003f 0000003f 00000000
Gst: 00000004/0001  00000122 01c0003f 0000003f 00000000
Hst:                1c004122 01c0003f 0000003f 00000000
Gst: 00000004/0002  00000143 01c0003f 000001ff 00000000
Hst:                1c004143 01c0003f 000001ff 00000000
Gst: 00000004/0003  00000163 02c0003f 00001fff 00000006
Hst:                1c03c163 02c0003f 00001fff 00000006
Gst: 00000004/0004  00000000 00000000 00000000 00000000
Hst:                00000000 00000000 00000000 00000000
Gst: 00000005/0000  00000040 00000040 00000000 00000000
Hst:                00000040 00000040 00000003 00042120
Gst: 00000006/0000  00000000 00000000 00000000 00000000
Hst:                00000077 00000002 00000001 00000000
Gst: 00000007/0000  00000000 00002401 00000000 00000000
Hst:                00000000 000027ab 00000000 0c000000
Gst: 00000007/0001  00000000 00000000 00000000 00000000
Hst:                00000000 00000000 00000000 00000000
Gst: 00000008/0000  00000000 00000000 00000000 00000000
Hst:                00000000 00000000 00000000 00000000
Gst: 00000009/0000  00000000 00000000 00000000 00000000
Hst:                00000000 00000000 00000000 00000000
Gst: 0000000a/0000  00000000 00000000 00000000 00000000
Hst:                07300803 00000000 00000000 00000603
Gst: 0000000b/0000  00000000 00000001 00000100 00000000
Hst:                00000001 00000001 00000100 00000004
Gst: 0000000b/0001  00000001 00000001 00000201 00000000
Hst:                00000004 00000004 00000201 00000004
Gst: 0000000b/0002  00000000 00000000 00000002 00000000
Hst:                00000000 00000000 00000002 00000004
Gst: 0000000c/0000  00000000 00000000 00000000 00000000
Hst:                00000000 00000000 00000000 00000000
Gst: 0000000d/0000  00000007 00000340 00000340 00000000
Hst:                00000007 00000340 00000340 00000000
Gst: 0000000d/0001  00000000 00000000 00000000 00000000
Hst:                00000001 00000000 00000000 00000000
Gst: 0000000d/0002  00000100 00000240 00000000 00000000
Hst:                00000100 00000240 00000000 00000000
Gst: 0000000d/0003  00000000 00000000 00000000 00000000
Hst:                00000000 00000000 00000000 00000000
                               Name: GenuineIntel
                           Supports: 0x00000000-0x0000000d
                             Family:  6 	Extended: 0 	Effective: 6
                              Model: 12 	Extended: 3 	Effective: 60
                           Stepping: 3
                               Type: 0 (primary)
                            APIC ID: 0x00
                       Logical CPUs: 0
                       CLFLUSH Size: 8
                           Brand ID: 0x00
Features
  Mnemonic - Description                                  = guest (host)
  FPU - x87 FPU on Chip                                   = 1 (1)
  VME - Virtual 8086 Mode Enhancements                    = 1 (1)
  DE - Debugging extensions                               = 1 (1)
  PSE - Page Size Extension                               = 1 (1)
  TSC - Time Stamp Counter                                = 1 (1)
  MSR - Model Specific Registers                          = 1 (1)
  PAE - Physical Address Extension                        = 1 (1)
  MCE - Machine Check Exception                           = 1 (1)
  CX8 - CMPXCHG8B instruction                             = 1 (1)
  APIC - APIC On-Chip                                     = 1 (1)
  SEP - SYSENTER and SYSEXIT Present                      = 1 (1)
  MTRR - Memory Type Range Registers                      = 1 (1)
  PGE - PTE Global Bit                                    = 1 (1)
  MCA - Machine Check Architecture                        = 1 (1)
  CMOV - Conditional Move instructions                    = 1 (1)
  PAT - Page Attribute Table                              = 1 (1)
  PSE-36 - 36-bit Page Size Extension                     = 1 (1)
  PSN - Processor Serial Number                           = 0 (0)
  CLFSH - CLFLUSH instruction                             = 1 (1)
  DS - Debug Store                                        = 0 (1)
  ACPI - Thermal Mon. & Soft. Clock Ctrl.                 = 0 (1)
  MMX - Intel MMX Technology                              = 1 (1)
  FXSR - FXSAVE and FXRSTOR instructions                  = 1 (1)
  SSE - SSE support                                       = 1 (1)
  SSE2 - SSE2 support                                     = 1 (1)
  SS - Self Snoop                                         = 0 (1)
  HTT - Hyper-Threading Technology                        = 0 (1)
  TM - Therm. Monitor                                     = 0 (1)
  PBE - Pending Break Enabled                             = 0 (1)
  SSE3 - SSE3 support                                     = 1 (1)
  PCLMUL - PCLMULQDQ support (for AES-GCM)                = 1 (1)
  DTES64 - DS Area 64-bit Layout                          = 0 (1)
  MONITOR - MONITOR/MWAIT instructions                    = 1 (1)
  CPL-DS - CPL Qualified Debug Store                      = 0 (1)
  VMX - Virtual Machine Extensions                        = 0 (1)
  SMX - Safer Mode Extensions                             = 0 (0)
  EST - Enhanced SpeedStep Technology                     = 0 (1)
  TM2 - Terminal Monitor 2                                = 0 (1)
  SSSE3 - Supplemental Streaming SIMD Extensions 3        = 1 (1)
  CNTX-ID - L1 Context ID                                 = 0 (0)
  SDBG - Silicon Debug interface                          = 0 (1)
  FMA - Fused Multiply Add extensions                     = 0 (1)
  CX16 - CMPXCHG16B instruction                           = 1 (1)
  TPRUPDATE - xTPR Update Control                         = 0 (1)
  PDCM - Perf/Debug Capability MSR                        = 0 (1)
  PCID - Process Context Identifiers                      = 1 (1)
  DCA - Direct Cache Access                               = 0 (0)
  SSE4_1 - SSE4_1 support                                 = 1 (1)
  SSE4_2 - SSE4_2 support                                 = 1 (1)
  X2APIC - x2APIC support                                 = 0 (1)
  MOVBE - MOVBE instruction                               = 1 (1)
  POPCNT - POPCNT instruction                             = 1 (1)
  TSCDEADL - Time Stamp Counter Deadline                  = 0 (1)
  AES - AES instructions                                  = 1 (1)
  XSAVE - XSAVE instruction                               = 1 (1)
  OSXSAVE - OSXSAVE instruction                           = 0 (1)
  AVX - AVX support                                       = 1 (1)
  F16C - 16-bit floating point conversion instructions    = 0 (1)
  RDRAND - RDRAND instruction                             = 1 (1)
  HVP - Hypervisor Present (we're a guest)                = 0 (0)
Structured Extended Feature Flags Enumeration (leaf 7):
  Mnemonic - Description                                  = guest (host)
  FSGSBASE - RDFSBASE/RDGSBASE/WRFSBASE/WRGSBASE instr.   = 1 (1)
  TSCADJUST - Supports MSR_IA32_TSC_ADJUST                = 0 (1)
  SGX - Supports Software Guard Extensions                = 0 (0)
  BMI1 - Advanced Bit Manipulation extension 1            = 0 (1)
  HLE - Hardware Lock Elision                             = 0 (0)
  AVX2 - Advanced Vector Extensions 2                     = 0 (1)
  FDP_EXCPTN_ONLY - FPU DP only updated on exceptions     = 0 (0)
  SMEP - Supervisor Mode Execution Prevention             = 0 (1)
  BMI2 - Advanced Bit Manipulation extension 2            = 0 (1)
  ERMS - Enhanced REP MOVSB/STOSB instructions            = 0 (1)
  INVPCID - INVPCID instruction                           = 1 (1)
  RTM - Restricted Transactional Memory                   = 0 (0)
  PQM - Platform Quality of Service Monitoring            = 0 (0)
  DEPFPU_CS_DS - Deprecates FPU CS, FPU DS values if set  = 1 (1)
  MPE - Intel Memory Protection Extensions                = 0 (0)
  PQE - Platform Quality of Service Enforcement           = 0 (0)
  AVX512F - AVX512 Foundation instructions                = 0 (0)
  RDSEED - RDSEED instruction                             = 0 (0)
  ADX - ADCX/ADOX instructions                            = 0 (0)
  SMAP - Supervisor Mode Access Prevention                = 0 (0)
  CLFLUSHOPT - CLFLUSHOPT (Cache Line Flush) instruction  = 0 (0)
  INTEL_PT - Intel Processor Trace                        = 0 (0)
  AVX512PF - AVX512 Prefetch instructions                 = 0 (0)
  AVX512ER - AVX512 Exponential & Reciprocal instructions = 0 (0)
  AVX512CD - AVX512 Conflict Detection instructions       = 0 (0)
  SHA - Secure Hash Algorithm extensions                  = 0 (0)
  PREFETCHWT1 - PREFETCHWT1 instruction                   = 0 (0)
  UMIP - User mode insturction prevention                 = 0 (0)
  PKU - Protection Key for Usermode pages                 = 0 (0)
  OSPKE - CR4.PKU mirror                                  = 0 (0)
  MAWAU - Value used by BNDLDX & BNDSTX                   = 0x0 (0x0)
  RDPID - Read processor ID support                       = 0 (0)
  SGX_LC - Supports SGX Launch Configuration              = 0 (0)
  IBRS_IBPB - IA32_SPEC_CTRL.IBRS and IA32_PRED_CMD.IBPB  = 0 (1)
  STIBP - Supports IA32_SPEC_CTRL.STIBP                   = 0 (1)
  ARCHCAP - Supports IA32_ARCH_CAP                        = 0 (0)
Processor Extended State Enumeration (leaf 0xd):
   XSAVE area cur/max size by XCR0, guest: 0x340/0x340
    XSAVE area cur/max size by XCR0, host: 0x340/0x340
                   Valid XCR0 bits, guest: 0x00000000`00000007 ( x87 SSE YMM_Hi128 )
                    Valid XCR0 bits, host: 0x00000000`00000007 ( x87 SSE YMM_Hi128 )
                    XSAVE features, guest:
                     XSAVE features, host: XSAVEOPT
      XSAVE area cur size XCR0|XSS, guest: 0x0
       XSAVE area cur size XCR0|XSS, host: 0x0
               Valid IA32_XSS bits, guest: 0x00000000`00000000
                Valid IA32_XSS bits, host: 0x00000000`00000000
  State #2, guest: off=0x0240, cb=0x0100 IA32_XSS-bit -- YMM_Hi128
  State #2, host:  off=0x0240, cb=0x0100 IA32_XSS-bit -- YMM_Hi128
         Raw Extended CPUID Leaves
     Leaf/sub-leaf  eax      ebx      ecx      edx
Gst: 80000000/0000  80000008 00000000 00000000 00000000
Hst:                80000008 00000000 00000000 00000000
Gst: 80000001/0000  00000000 00000000 00000021 28100800
Hst:                00000000 00000000 00000021 2c100800
Gst: 80000002/0000  65746e49 2952286c 726f4320 4d542865
Hst:                65746e49 2952286c 726f4320 4d542865
Gst: 80000003/0000  35692029 3634342d 43202030 40205550
Hst:                35692029 3634342d 43202030 40205550
Gst: 80000004/0000  322e3320 7a484730 00000000 00000000
Hst:                322e3320 7a484730 00000000 00000000
Gst: 80000005/0000  00000000 00000000 00000000 00000000
Hst:                00000000 00000000 00000000 00000000
Gst: 80000006/0000  00000000 00000000 01006040 00000000
Hst:                00000000 00000000 01006040 00000000
Gst: 80000007/0000  00000000 00000000 00000000 00000100
Hst:                00000000 00000000 00000000 00000100
Gst: 80000008/0000  00003027 00000000 00000000 00000000
Hst:                00003027 00000000 00000000 00000000
Ext Name:                        
Ext Supports:                    0x80000000-0x80000008
Family:                          0  	Extended: 0 	Effective: 0
Model:                           0  	Extended: 0 	Effective: 0
Stepping:                        0
Brand ID:                        0x000
Ext Features
  Mnemonic - Description                                  = guest (host)
  FPU - x87 FPU on Chip                                   = 0 (0)
  VME - Virtual 8086 Mode Enhancements                    = 0 (0)
  DE - Debugging extensions                               = 0 (0)
  PSE - Page Size Extension                               = 0 (0)
  TSC - Time Stamp Counter                                = 0 (0)
  MSR - K86 Model Specific Registers                      = 0 (0)
  PAE - Physical Address Extension                        = 0 (0)
  MCE - Machine Check Exception                           = 0 (0)
  CX8 - CMPXCHG8B instruction                             = 0 (0)
  APIC - APIC On-Chip                                     = 0 (0)
  SEP - SYSCALL/SYSRET                                    = 1 (1)
  MTRR - Memory Type Range Registers                      = 0 (0)
  PGE - PTE Global Bit                                    = 0 (0)
  MCA - Machine Check Architecture                        = 0 (0)
  CMOV - Conditional Move instructions                    = 0 (0)
  PAT - Page Attribute Table                              = 0 (0)
  PSE-36 - 36-bit Page Size Extension                     = 0 (0)
  NX - No-Execute/Execute-Disable                         = 1 (1)
  AXMMX - AMD Extensions to MMX instructions              = 0 (0)
  MMX - Intel MMX Technology                              = 0 (0)
  FXSR - FXSAVE and FXRSTOR Instructions                  = 0 (0)
  FFXSR - AMD fast FXSAVE and FXRSTOR instructions        = 0 (0)
  Page1GB - 1 GB large page                               = 0 (1)
  RDTSCP - RDTSCP instruction                             = 1 (1)
  LM - AMD64 Long Mode                                    = 1 (1)
  3DNOWEXT - AMD Extensions to 3DNow                      = 0 (0)
  3DNOW - AMD 3DNow                                       = 0 (0)
  LahfSahf - LAHF/SAHF support in 64-bit mode             = 1 (1)
  CmpLegacy - Core multi-processing legacy mode           = 0 (0)
  SVM - AMD Secure Virtual Machine extensions             = 0 (0)
  EXTAPIC - AMD Extended APIC registers                   = 0 (0)
  CR8L - AMD LOCK MOV CR0 means MOV CR8                   = 0 (0)
  ABM - AMD Advanced Bit Manipulation                     = 1 (1)
  SSE4A - SSE4A instructions                              = 0 (0)
  MISALIGNSSE - AMD Misaligned SSE mode                   = 0 (0)
  3DNOWPRF - AMD PREFETCH and PREFETCHW instructions      = 0 (0)
  OSVW - AMD OS Visible Workaround                        = 0 (0)
  IBS - Instruct Based Sampling                           = 0 (0)
  XOP - Extended Operation support                        = 0 (0)
  SKINIT - SKINIT, STGI, and DEV support                  = 0 (0)
  WDT - AMD Watchdog Timer support                        = 0 (0)
  LWP - Lightweight Profiling support                     = 0 (0)
  FMA4 - Four operand FMA instruction support             = 0 (0)
  NodeId - NodeId in MSR C001_100C                        = 0 (0)
  TBM - Trailing Bit Manipulation instructions            = 0 (0)
  TOPOEXT - Topology Extensions                           = 0 (0)
Full Name:                       "Intel(R) Core(TM) i5-4460  CPU @ 3.20GHz"
TLB 2/4M Instr/Uni:              res0     0 entries
TLB 2/4M Data:                   res0     0 entries
TLB 4K Instr/Uni:                res0     0 entries
TLB 4K Data:                     res0     0 entries
L1 Instr Cache Line Size:        0 bytes
L1 Instr Cache Lines Per Tag:    0
L1 Instr Cache Associativity:    res0  
L1 Instr Cache Size:             0 KB
L1 Data Cache Line Size:         0 bytes
L1 Data Cache Lines Per Tag:     0
L1 Data Cache Associativity:     res0  
L1 Data Cache Size:              0 KB
L2 TLB 2/4M Instr/Uni:           off       0 entries
L2 TLB 2/4M Data:                off       0 entries
L2 TLB 4K Instr/Uni:             off       0 entries
L2 TLB 4K Data:                  off       0 entries
L2 Cache Line Size:              0 bytes
L2 Cache Lines Per Tag:          0
L2 Cache Associativity:          off   
L2 Cache Size:                   0 KB
APM Features:                    TscInvariant
Host Invariant-TSC support:      true 
Physical Address Width:          39 bits
Virtual Address Width:           48 bits
Guest Physical Address Width:    0 bits
Physical Core Count:             1
!!
!! {handlers, phys virt hyper stats}
!!
Physical handlers: (PhysHandlers=13032 (0x32e8))
From             - To (incl)         HandlerHC         UserHC            HandlerGC UserGC    Type     Description
00000000000a0000 - 00000000000bffff  00007fbe41175cc0  00007fbe16b04a90  00000000  ff83ca90  MMIO     VGA - VGA Video Buffer
00000000000c0000 - 00000000000c8fff  00007fbe411939b0  00007fbe16b04c70  00000000  ff83cc70  Write    VGA BIOS
00000000000c9000 - 00000000000dffff  00007fbe41175cc0  00007fbe16b13a00  00000000  ff84ba00  MMIO     PC Arch Reserved #0
00000000000e0000 - 00000000000e0fff  00007fbe411939b0  00007fbe16b12660  00000000  ff84a660  Write    ACPI RSDP
00000000000e1000 - 00000000000e1fff  00007fbe411939b0  00007fbe16af9570  00000000  ff831570  Write    DMI tables
00000000000e2000 - 00000000000effff  00007fbe411939b0  00007fbe16af9e70  00000000  ff831e70  Write    Net Boot ROM
00000000000f0000 - 00000000000fffff  00007fbe411939b0  00007fbe16af9660  00000000  ff831660  Write    PC BIOS - 0xfffff
00000000e0000000 - 00000000e31fffff  00007fbe14b62aa0  00007fbe50000100  00000000  ff98b100  Write    VGA LFB
00000000f0000000 - 00000000f0000fff  00007fbe41175cc0  00007fbe16b13150  00000000  ff84b150  MMIO     PCNet
00000000f0804000 - 00000000f0804fff  00007fbe41175cc0  00007fbe16b13430  00000000  ff84b430  MMIO     USB OHCI
00000000f0806000 - 00000000f0807fff  00007fbe41175cc0  00007fbe16b13830  00000000  ff84b830  MMIO     AHCI
00000000fee00000 - 00000000fee00fff  00007fbe41175cc0  00007fbe16afbca0  00000000  ff833ca0  MMIO     APIC
00000000ffff0000 - 00000000ffffffff  00007fbe411939b0  00007fbe16af99a0  00000000  ff8319a0  Write    PC BIOS - 0xffffffff
Virtual handlers:
From             - To (excl)         HandlerHC         HandlerGC Type       Description
Hypervisor Virtual handlers:
From             - To (excl)         HandlerHC         HandlerGC Type       Description
!!
!! {timers, <NULL>}
!!
Timers (pVM=00007fbe5001a000)
pTimerR3         offNext  offPrev  offSched Clock               Time             Expire HzHint State                     Description
00007fbe16b12ef0 ffffff80 ffff1fb0 00000000 Real            39063727           39063700      0 2-ACTIVE                  EMT Yielder
00007fbe16b12e70 fffe8950 00000080 00000000 Real            39063727           39063725      0 2-ACTIVE                  CPU Load Timer
00007fbe16b12c90 00000000 fffe9a70 00000000 VrSy          2955192170       599932015941      0 2-ACTIVE                  ACPI PM Timer
00007fbe16b10f70 00000000 00000000 00000000 Virt          2987656198                  0      0 1-STOPPED                 USB Frame Timer
00007fbe16b0f5e0 00000000 00000000 00000000 Virt          2987656198         2958863590      0 2-ACTIVE                  DevIchAc97
00007fbe16b0f0c0 00000000 00000000 00000000 Virt          2987656198                  0      0 1-STOPPED                 PCNet Restore Timer
00007fbe16b0f040 00000000 00000000 00000000 Virt          2987656198                  0      0 1-STOPPED                 PCNet SoftInt Timer
00007fbe16b0efc0 00000000 00000000 00000000 Virt          2987656198                  0      0 1-STOPPED                 PCNet Poll Timer
00007fbe16b0b880 00000000 00000000 00000000 Virt          2987656198                  0      0 1-STOPPED                 AHCI CCC Timer
00007fbe16b04ea0 0000e050 00000000 00000000 Real            39063728           39063697      0 2-ACTIVE                  VGA Refresh Timer
00007fbe16b04280 00000000 00000000 00000000 Virt          2987656198                  0      0 1-STOPPED                 Heartbeat flatlined
00007fbe16afcd60 00000000 00000000 00000000 VrSy          2955192170         1990244140      0 1-STOPPED                 MC146818 RTC/CMOS - Second2
00007fbe16afcce0 fffffa20 00000000 00000000 VrSy          2955192170         2990000000      0 2-ACTIVE                  MC146818 RTC/CMOS - Second
00007fbe16afcc60 00000000 00000000 00000000 VrSy          2955192170                  0      0 1-STOPPED                 MC146818 RTC/CMOS - Periodic
00007fbe16afc700 00016590 000005e0 00000000 VrSy          2955192170         2995347076     18 2-ACTIVE                  i8254 Programmable Interval Timer
00007fbe16afbe60 00000000 00000000 00000000 VrSy          2955192170                  0      0 1-STOPPED                 APIC Timer 0
00007fbe16afb940 00000000 00000000 00000000 Virt          2987656198                  0      0 1-STOPPED                 PS2M Delay Timer
00007fbe16afb8c0 00000000 00000000 00000000 Real            39063728                  0      0 1-STOPPED                 PS2M Throttle Timer
00007fbe16afb840 00000000 00000000 00000000 Virt          2987656198           13214792      0 1-STOPPED                 PS2K Delay Timer
00007fbe16afb7c0 00000000 000176b0 00000000 Real            39063728           39064154      0 2-ACTIVE                  PS2K Typematic Timer
00007fbe16af8e90 00000000 00000000 00000000 Real            39063728                  0      0 1-STOPPED                 BlkCache-Commit
!!
!! {activetimers, <NULL>}
!!
Active Timers (pVM=00007fbe5001a000)
pTimerR3         offNext  offPrev  offSched Clock               Time             Expire HzHint State                     Description
00007fbe16b04ea0 0000e050 00000000 00000000 Real            39063728           39063697      0 2-ACTIVE                  VGA Refresh Timer
00007fbe16b12ef0 ffffff80 ffff1fb0 00000000 Real            39063728           39063700      0 2-ACTIVE                  EMT Yielder
00007fbe16b12e70 fffe8950 00000080 00000000 Real            39063728           39063725      0 2-ACTIVE                  CPU Load Timer
00007fbe16afb7c0 00000000 000176b0 00000000 Real            39063728           39064154      0 2-ACTIVE                  PS2K Typematic Timer
00007fbe16b0f5e0 00000000 00000000 00000000 Virt          2987656198         2958863590      0 2-ACTIVE                  DevIchAc97
00007fbe16afcce0 fffffa20 00000000 00000000 VrSy          2955192170         2990000000      0 2-ACTIVE                  MC146818 RTC/CMOS - Second
00007fbe16afc700 00016590 000005e0 00000000 VrSy          2955192170         2995347076     18 2-ACTIVE                  i8254 Programmable Interval Timer
00007fbe16b12c90 00000000 fffe9a70 00000000 VrSy          2955192170       599932015941      0 2-ACTIVE                  ACPI PM Timer
!!
!! {ahci0}
!!
ahci#0: mmio=00000000f0806000 ports=2 GC=true  R0=true 
HbaCap=0xc8241f81
HbaCtrl=0x80000000
HbaIs=0x0
HbaPi=0x3HbaVs=0x10100
HbaCccCtl=0x0
HbaCccPorts=0x0
PortsInterrupted=0x0
Port 0: async=true  device-attached=true 
PortClb=0x9f800
PortClbU=0x0
PortFb=0x9fa00
PortFbU=0x0
PortIs=0x0
PortIe=0x0
PortCmd=0x114016
PortTfd=0x50
PortSig=0xeb140101
PortSSts=0x123
PortSCtl=0x0
PortSErr=0x0
PortSAct=0x0
PortCi=0x0
PortPhysClb=000000000009f800
PortPhysFb=000000000009fa00
PortActTasksActive=0
PortPoweredOn=true 
PortSpunUp=true 
PortFirstD2HFisSend=true 
PortATAPI=true 
PortTasksFinished=0x1
PortQueuedTasksFinished=0x0
PortTasksNew=0x0

Port 1: async=true  device-attached=true 
PortClb=0x0
PortClbU=0x0
PortFb=0x0
PortFbU=0x0
PortIs=0x0
PortIe=0x0
PortCmd=0x110006
PortTfd=0x0
PortSig=0x101
PortSSts=0x123
PortSCtl=0x0
PortSErr=0x0
PortSAct=0x0
PortCi=0x0
PortPhysClb=0000000000000000
PortPhysFb=0000000000000000
PortActTasksActive=0
PortPoweredOn=true 
PortSpunUp=true 
PortFirstD2HFisSend=true 
PortATAPI=false
PortTasksFinished=0x1
PortQueuedTasksFinished=0x0
PortTasksNew=0x0

!!
!! {apic}
!!
APIC0:
  APIC Base MSR                 = 0xfee00900 (Addr=0xfee00000)
  Mode                          = 2 (xAPIC)
  APIC ID                       = 0 (0x0)
  Version                       = 0x50014
    APIC Version                  = 0x14
    Max LVT entry index (0..N)    = 5
    EOI Broadcast supression      = false
  APR                           = 0 (0x0)
  TPR                           = 0 (0x0)
    Task-priority class           = 0x0
    Task-priority subclass        = 0x0
  PPR                           = 0 (0x0)
    Processor-priority class      = 0x0
    Processor-priority subclass   = 0x0
  RRD                           = 0 (0x0)
  LDR                           = 0x0
    Logical APIC ID               = 0x0
  DFR                           = 0xffffffff
    Model                         = 0xf (Flat)
  SVR                           = 0x10f
    Vector                        = 15 (0xf)
    Software Enabled              = true 
    Supress EOI broadcast         = false
  ISR
    0000000000000000000000000000000000000000000000000000000000000000
    Pending: None
  TMR
    0000000000000000000000000000000000000000000000000000000000000000
    Pending: None
  IRR
    0000000000000000000000000000000000000000000000000000000000000000
    Pending: None
  PIB
    0000000000000000000000000000000000000000000000000000000000000000
    Pending: None
  Level PIB
    0000000000000000000000000000000000000000000000000000000000000000
    Pending: None
  ESR Internal                  = 0x0
  ESR                           = 0x0
    Redirectable IPI              = false
    Send Illegal Vector           = false
    Recv Illegal Vector           = false
    Illegal Register Address      = false
  ICR Low                       = 0x0
    Vector                        = 0 (0x0)
    Delivery Mode                 = 0x0 (Fixed)
    Destination Mode              = 0x0 (Physical)
    Delivery Status               = 0
    Level                         = 0
    Trigger Mode                  = 0 (Edge)
    Destination shorthand         = 0x0 (None)
  ICR High                      = 0x0
    Destination field/mask        = 0x0
!!
!! {apiclvt}
!!
VCPU[0] APIC Local Vector Table (LVT):
lvt     timermode  mask  trigger  rirr  polarity  dlvr_st  dlvr_mode   vector
Timer    One-shot   1                               Idle                 0 (0x0)
Thermal             1                               Idle     Fixed       0 (0x0)
Perf                1                               Idle     Fixed       0 (0x0)
LINT0               0     Edge      0   ActiveHi    Idle     ExtINT      0 (0x0)
LINT1               0     Edge      0   ActiveHi    Idle     NMI         0 (0x0)
Error               1                               Idle     Fixed       0 (0x0)
!!
!! {apictimer}
!!
VCPU[0] Local APIC timer:
  ICR              = 0x0
  CCR              = 0x0
  DCR              = 0x0
    Timer shift    = 0x1
  Timer initial TS = 0
LVT Timer          = 0x10000
  Vector             = 0 (0x0)
  Delivery status    = 0
  Masked             = true 
  Timer Mode         = 0x0 (One-shot)
!!
!! {cfgm}
!!
pRoot=00007fbe08000f10:{/}
[/] (level 0)
  CSAMEnabled       <integer> = 0x0000000000000001 (1)
  CpuExecutionCap   <integer> = 0x0000000000000064 (100)
  EnablePAE         <integer> = 0x0000000000000000 (0)
  HMEnabled         <integer> = 0x0000000000000001 (1)
  MemBalloonSize    <integer> = 0x0000000000000000 (0)
  Name              <string>  = "os" (cb=3)
  NumCPUs           <integer> = 0x0000000000000001 (1)
  PATMEnabled       <integer> = 0x0000000000000001 (1)
  PageFusionAllowed <integer> = 0x0000000000000000 (0)
  RamHoleSize       <integer> = 0x0000000020000000 (536 870 912, 512 MB)
  RamSize           <integer> = 0x0000000004000000 (67 108 864, 64 MB)
  RawR0Enabled      <integer> = 0x0000000000000001 (1)
  RawR3Enabled      <integer> = 0x0000000000000001 (1)
  TimerMillies      <integer> = 0x000000000000000a (10)
  UUID              <bytes>   = "c7 3c 0b 2b 15 46 77 4e a9 b5 69 1c 54 32 a5 07" (cb=16)

[/CPUM/] (level 1)
  GuestCpuName       <string>  = "host" (cb=5)
  PortableCpuIdLevel <integer> = 0x0000000000000000 (0)

[/DBGC/] (level 1)
  GlobalInitScript <string>  = "/home/ethan/.config/VirtualBox/dbgc-init" (cb=41)
  HistoryFile      <string>  = "/home/ethan/.config/VirtualBox/dbgc-history" (cb=44)
  LocalInitScript  <string>  = "/home/ethan/VirtualBox VMs/os/dbgc-init" (cb=40)

[/DBGF/] (level 1)
  Path <string>  = "/home/ethan/VirtualBox VMs/os/debug/;/home/ethan/VirtualBox VMs/os/;/home/ethan/" (cb=81)

[/Devices/] (level 1)

[/Devices/8237A/] (level 2)

[/Devices/8237A/0/] (level 3)
  Trusted <integer> = 0x0000000000000001 (1)

[/Devices/8237A/0/Config/] (level 4) (restricted root)

[/Devices/VMMDev/] (level 2)

[/Devices/VMMDev/0/] (level 3)
  PCIBusNo      <integer> = 0x0000000000000000 (0)
  PCIDeviceNo   <integer> = 0x0000000000000004 (4)
  PCIFunctionNo <integer> = 0x0000000000000000 (0)
  Trusted       <integer> = 0x0000000000000001 (1)

[/Devices/VMMDev/0/Config/] (level 4) (restricted root)
  GuestCoreDumpDir <string>  = "/home/ethan/VirtualBox VMs/os/Snapshots" (cb=40)

[/Devices/VMMDev/0/LUN#0/] (level 4)
  Driver <string>  = "HGCM" (cb=5)

[/Devices/VMMDev/0/LUN#0/Config/] (level 5) (restricted root)
  Object <integer> = 0x00007fbe04000b60 (140 454 087 625 568)

[/Devices/VMMDev/0/LUN#999/] (level 4)
  Driver <string>  = "MainStatus" (cb=11)

[/Devices/VMMDev/0/LUN#999/Config/] (level 5) (restricted root)
  First   <integer> = 0x0000000000000000 (0)
  Last    <integer> = 0x0000000000000000 (0)
  papLeds <integer> = 0x00007fbe2c001af8 (140 454 758 718 200)

[/Devices/acpi/] (level 2)

[/Devices/acpi/0/] (level 3)
  PCIBusNo      <integer> = 0x0000000000000000 (0)
  PCIDeviceNo   <integer> = 0x0000000000000007 (7)
  PCIFunctionNo <integer> = 0x0000000000000000 (0)
  Trusted       <integer> = 0x0000000000000001 (1)

[/Devices/acpi/0/Config/] (level 4) (restricted root)
  CpuHotPlug          <integer> = 0x0000000000000000 (0)
  FdcEnabled          <integer> = 0x0000000000000000 (0)
  HostBusPciAddress   <integer> = 0x0000000000000000 (0)
  HpetEnabled         <integer> = 0x0000000000000000 (0)
  IOAPIC              <integer> = 0x0000000000000000 (0)
  IocPciAddress       <integer> = 0x0000000000010000 (65 536)
  NumCPUs             <integer> = 0x0000000000000001 (1)
  Parallel0IoPortBase <integer> = 0x0000000000000000 (0)
  Parallel0Irq        <integer> = 0x0000000000000000 (0)
  Parallel1IoPortBase <integer> = 0x0000000000000000 (0)
  Parallel1Irq        <integer> = 0x0000000000000000 (0)
  Serial0IoPortBase   <integer> = 0x0000000000000000 (0)
  Serial0Irq          <integer> = 0x0000000000000000 (0)
  Serial1IoPortBase   <integer> = 0x0000000000000000 (0)
  Serial1Irq          <integer> = 0x0000000000000000 (0)
  ShowCpu             <integer> = 0x0000000000000000 (0)
  ShowRtc             <integer> = 0x0000000000000000 (0)
  SmcEnabled          <integer> = 0x0000000000000000 (0)

[/Devices/acpi/0/LUN#0/] (level 4)
  Driver <string>  = "ACPIHost" (cb=9)

[/Devices/acpi/0/LUN#0/Config/] (level 5) (restricted root)

[/Devices/ahci/] (level 2)

[/Devices/ahci/0/] (level 3)
  PCIBusNo      <integer> = 0x0000000000000000 (0)
  PCIDeviceNo   <integer> = 0x000000000000000d (13)
  PCIFunctionNo <integer> = 0x0000000000000000 (0)
  Trusted       <integer> = 0x0000000000000001 (1)

[/Devices/ahci/0/Config/] (level 4) (restricted root)
  Bootable  <integer> = 0x0000000000000001 (1)
  PortCount <integer> = 0x0000000000000002 (2)

[/Devices/ahci/0/Config/Port0/] (level 5)
  Hotpluggable        <integer> = 0x0000000000000000 (0)
  NonRotationalMedium <integer> = 0x0000000000000000 (0)

[/Devices/ahci/0/Config/Port1/] (level 5)
  Hotpluggable        <integer> = 0x0000000000000000 (0)
  NonRotationalMedium <integer> = 0x0000000000000000 (0)

[/Devices/ahci/0/LUN#0/] (level 4)
  Driver <string>  = "VD" (cb=3)

[/Devices/ahci/0/LUN#0/Config/] (level 5) (restricted root)
  Format    <string>  = "RAW" (cb=4)
  Mountable <integer> = 0x0000000000000001 (1)
  Path      <string>  = "/home/ethan/Desktop/pop-kernel/os.iso" (cb=38)
  ReadOnly  <integer> = 0x0000000000000001 (1)
  Type      <string>  = "DVD" (cb=4)
  UseNewIo  <integer> = 0x0000000000000001 (1)

[/Devices/ahci/0/LUN#1/] (level 4)
  Driver <string>  = "VD" (cb=3)

[/Devices/ahci/0/LUN#1/Config/] (level 5) (restricted root)
  BlockCache <integer> = 0x0000000000000001 (1)
  Format     <string>  = "VDI" (cb=4)
  Mountable  <integer> = 0x0000000000000000 (0)
  Path       <string>  = "/home/ethan/VirtualBox VMs/os/os.vdi" (cb=37)
  Type       <string>  = "HardDisk" (cb=9)
  UseNewIo   <integer> = 0x0000000000000001 (1)

[/Devices/ahci/0/LUN#999/] (level 4)
  Driver <string>  = "MainStatus" (cb=11)

[/Devices/ahci/0/LUN#999/Config/] (level 5) (restricted root)
  DeviceInstance        <string>  = "ahci/0" (cb=7)
  First                 <integer> = 0x0000000000000000 (0)
  Last                  <integer> = 0x0000000000000001 (1)
  pConsole              <integer> = 0x00007fbe2c001310 (140 454 758 716 176)
  papLeds               <integer> = 0x00007fbe2c0016f8 (140 454 758 717 176)
  pmapMediumAttachments <integer> = 0x00007fbe2c001b18 (140 454 758 718 232)

[/Devices/apic/] (level 2)

[/Devices/apic/0/] (level 3)
  Trusted <integer> = 0x0000000000000001 (1)

[/Devices/apic/0/Config/] (level 4) (restricted root)
  IOAPIC  <integer> = 0x0000000000000000 (0)
  Mode    <integer> = 0x0000000000000002 (2)
  NumCPUs <integer> = 0x0000000000000001 (1)

[/Devices/e1000/] (level 2)

[/Devices/i8254/] (level 2)

[/Devices/i8254/0/] (level 3)

[/Devices/i8254/0/Config/] (level 4) (restricted root)

[/Devices/i8259/] (level 2)

[/Devices/i8259/0/] (level 3)
  Trusted <integer> = 0x0000000000000001 (1)

[/Devices/i8259/0/Config/] (level 4) (restricted root)

[/Devices/ichac97/] (level 2)

[/Devices/ichac97/0/] (level 3)
  PCIBusNo      <integer> = 0x0000000000000000 (0)
  PCIDeviceNo   <integer> = 0x0000000000000005 (5)
  PCIFunctionNo <integer> = 0x0000000000000000 (0)
  Trusted       <integer> = 0x0000000000000001 (1)

[/Devices/ichac97/0/AudioConfig/] (level 4)

[/Devices/ichac97/0/Config/] (level 4) (restricted root)
  Codec <string>  = "STAC9700" (cb=9)

[/Devices/ichac97/0/LUN#0/] (level 4)
  Driver <string>  = "AUDIO" (cb=6)

[/Devices/ichac97/0/LUN#0/AttachedDriver/] (level 5)
  Driver <string>  = "PulseAudio" (cb=11)

[/Devices/ichac97/0/LUN#0/AttachedDriver/Config/] (level 6) (restricted root)
  StreamName <string>  = "os" (cb=3)

[/Devices/ichac97/0/LUN#0/Config/] (level 5) (restricted root)

[/Devices/ichac97/0/LUN#1/] (level 4)
  Driver <string>  = "AUDIO" (cb=6)

[/Devices/ichac97/0/LUN#1/AttachedDriver/] (level 5)
  Driver <string>  = "AudioVRDE" (cb=10)

[/Devices/ichac97/0/LUN#1/AttachedDriver/Config/] (level 6) (restricted root)
  AudioDriver      <string>  = "AudioVRDE" (cb=10)
  Object           <integer> = 0x00007fbe2c005960 (140 454 758 734 176)
  ObjectVRDPServer <integer> = 0x00007fbe2c005db0 (140 454 758 735 280)
  StreamName       <string>  = "os" (cb=3)

[/Devices/ichac97/0/LUN#1/Config/] (level 5) (restricted root)

[/Devices/mc146818/] (level 2)

[/Devices/mc146818/0/] (level 3)

[/Devices/mc146818/0/Config/] (level 4) (restricted root)
  UseUTC <integer> = 0x0000000000000000 (0)

[/Devices/parallel/] (level 2)

[/Devices/pcarch/] (level 2)

[/Devices/pcarch/0/] (level 3)
  Trusted <integer> = 0x0000000000000001 (1)

[/Devices/pcarch/0/Config/] (level 4) (restricted root)

[/Devices/pcbios/] (level 2)

[/Devices/pcbios/0/] (level 3)
  Trusted <integer> = 0x0000000000000001 (1)

[/Devices/pcbios/0/Config/] (level 4) (restricted root)
  APIC               <integer> = 0x0000000000000001 (1)
  BootDevice0        <string>  = "DVD" (cb=4)
  BootDevice1        <string>  = "IDE" (cb=4)
  BootDevice2        <string>  = "NONE" (cb=5)
  BootDevice3        <string>  = "NONE" (cb=5)
  FloppyDevice       <string>  = "i82078" (cb=7)
  HardDiskDevice     <string>  = "piix3ide" (cb=9)
  IOAPIC             <integer> = 0x0000000000000000 (0)
  McfgBase           <integer> = 0x0000000000000000 (0)
  McfgLength         <integer> = 0x0000000000000000 (0)
  NumCPUs            <integer> = 0x0000000000000001 (1)
  PXEDebug           <integer> = 0x0000000000000000 (0)
  SataHardDiskDevice <string>  = "ahci" (cb=5)
  SataLUN1           <integer> = 0x0000000000000001 (1)
  UUID               <bytes>   = "c7 3c 0b 2b 15 46 77 4e a9 b5 69 1c 54 32 a5 07" (cb=16)

[/Devices/pcbios/0/Config/NetBoot/] (level 5)

[/Devices/pcbios/0/Config/NetBoot/0/] (level 6)
  NIC           <integer> = 0x0000000000000000 (0)
  PCIBusNo      <integer> = 0x0000000000000000 (0)
  PCIDeviceNo   <integer> = 0x0000000000000003 (3)
  PCIFunctionNo <integer> = 0x0000000000000000 (0)

[/Devices/pci/] (level 2)

[/Devices/pci/0/] (level 3)
  Trusted <integer> = 0x0000000000000001 (1)

[/Devices/pci/0/Config/] (level 4) (restricted root)
  IOAPIC <integer> = 0x0000000000000000 (0)

[/Devices/pckbd/] (level 2)

[/Devices/pckbd/0/] (level 3)
  Trusted <integer> = 0x0000000000000001 (1)

[/Devices/pckbd/0/Config/] (level 4) (restricted root)

[/Devices/pckbd/0/LUN#0/] (level 4)
  Driver <string>  = "KeyboardQueue" (cb=14)

[/Devices/pckbd/0/LUN#0/AttachedDriver/] (level 5)
  Driver <string>  = "MainKeyboard" (cb=13)

[/Devices/pckbd/0/LUN#0/AttachedDriver/Config/] (level 6) (restricted root)
  Object <integer> = 0x00007fbe2c00e7d0 (140 454 758 770 640)

[/Devices/pckbd/0/LUN#0/Config/] (level 5) (restricted root)
  QueueSize <integer> = 0x0000000000000040 (64)

[/Devices/pckbd/0/LUN#1/] (level 4)
  Driver <string>  = "MouseQueue" (cb=11)

[/Devices/pckbd/0/LUN#1/AttachedDriver/] (level 5)
  Driver <string>  = "MainMouse" (cb=10)

[/Devices/pckbd/0/LUN#1/AttachedDriver/Config/] (level 6) (restricted root)
  Object <integer> = 0x00007fbe2c010c30 (140 454 758 779 952)

[/Devices/pckbd/0/LUN#1/Config/] (level 5) (restricted root)
  QueueSize <integer> = 0x0000000000000080 (128)

[/Devices/pcnet/] (level 2)

[/Devices/pcnet/0/] (level 3)
  PCIBusNo      <integer> = 0x0000000000000000 (0)
  PCIDeviceNo   <integer> = 0x0000000000000003 (3)
  PCIFunctionNo <integer> = 0x0000000000000000 (0)
  Trusted       <integer> = 0x0000000000000001 (1)

[/Devices/pcnet/0/Config/] (level 4) (restricted root)
  Am79C973       <integer> = 0x0000000000000001 (1)
  CableConnected <integer> = 0x0000000000000001 (1)
  LineSpeed      <integer> = 0x0000000000000000 (0)
  MAC            <bytes>   = "08 00 27 57 31 cd" (cb=6)

[/Devices/pcnet/0/LUN#0/] (level 4)
  Driver <string>  = "NAT" (cb=4)

[/Devices/pcnet/0/LUN#0/Config/] (level 5) (restricted root)
  AliasMode       <integer> = 0x0000000000000000 (0)
  BootFile        <string>  = "os.pxe" (cb=7)
  DNSProxy        <integer> = 0x0000000000000000 (0)
  Network         <string>  = "10.0.2.0/24" (cb=12)
  PassDomain      <integer> = 0x0000000000000001 (1)
  TFTPPrefix      <string>  = "/home/ethan/.config/VirtualBox/TFTP" (cb=36)
  UseHostResolver <integer> = 0x0000000000000000 (0)

[/Devices/pcnet/0/LUN#999/] (level 4)
  Driver <string>  = "MainStatus" (cb=11)

[/Devices/pcnet/0/LUN#999/Config/] (level 5) (restricted root)
  First   <integer> = 0x0000000000000000 (0)
  Last    <integer> = 0x0000000000000000 (0)
  papLeds <integer> = 0x00007fbe2c0019d8 (140 454 758 717 912)

[/Devices/serial/] (level 2)

[/Devices/usb-ohci/] (level 2)

[/Devices/usb-ohci/0/] (level 3)
  PCIBusNo      <integer> = 0x0000000000000000 (0)
  PCIDeviceNo   <integer> = 0x0000000000000006 (6)
  PCIFunctionNo <integer> = 0x0000000000000000 (0)
  Trusted       <integer> = 0x0000000000000001 (1)

[/Devices/usb-ohci/0/Config/] (level 4) (restricted root)

[/Devices/usb-ohci/0/LUN#0/] (level 4)
  Driver <string>  = "VUSBRootHub" (cb=12)

[/Devices/usb-ohci/0/LUN#0/Config/] (level 5) (restricted root)

[/Devices/usb-ohci/0/LUN#999/] (level 4)
  Driver <string>  = "MainStatus" (cb=11)

[/Devices/usb-ohci/0/LUN#999/Config/] (level 5) (restricted root)
  First   <integer> = 0x0000000000000000 (0)
  Last    <integer> = 0x0000000000000000 (0)
  papLeds <integer> = 0x00007fbe2c001b00 (140 454 758 718 208)

[/Devices/vga/] (level 2)

[/Devices/vga/0/] (level 3)
  PCIBusNo      <integer> = 0x0000000000000000 (0)
  PCIDeviceNo   <integer> = 0x0000000000000002 (2)
  PCIFunctionNo <integer> = 0x0000000000000000 (0)
  Trusted       <integer> = 0x0000000000000001 (1)

[/Devices/vga/0/Config/] (level 4) (restricted root)
  CustomVideoModes <integer> = 0x0000000000000000 (0)
  FadeIn           <integer> = 0x0000000000000001 (1)
  FadeOut          <integer> = 0x0000000000000001 (1)
  HeightReduction  <integer> = 0x0000000000000000 (0)
  LogoFile         <string>  = "" (cb=1)
  LogoTime         <integer> = 0x0000000000000000 (0)
  MonitorCount     <integer> = 0x0000000000000002 (2)
  ShowBootMenu     <integer> = 0x0000000000000002 (2)
  VRamSize         <integer> = 0x0000000003200000 (52 428 800, 50 MB)

[/Devices/vga/0/LUN#0/] (level 4)
  Driver <string>  = "MainDisplay" (cb=12)

[/Devices/vga/0/LUN#0/Config/] (level 5) (restricted root)
  Object <integer> = 0x00007fbe2c0021c0 (140 454 758 719 936)

[/Devices/vga/0/LUN#999/] (level 4)
  Driver <string>  = "MainStatus" (cb=11)

[/Devices/vga/0/LUN#999/Config/] (level 5) (restricted root)
  First   <integer> = 0x0000000000000000 (0)
  Last    <integer> = 0x0000000000000000 (0)
  papLeds <integer> = 0x00007fbe2c001b10 (140 454 758 718 224)

[/Devices/virtio-net/] (level 2)

[/EM/] (level 1)
  TripleFaultReset <integer> = 0x0000000000000000 (0)

[/GIM/] (level 1)
  Provider <string>  = "None" (cb=5)

[/HM/] (level 1)
  64bitEnabled       <integer> = 0x0000000000000001 (1)
  EnableLargePages   <integer> = 0x0000000000000000 (0)
  EnableNestedPaging <integer> = 0x0000000000000001 (1)
  EnableUX           <integer> = 0x0000000000000001 (1)
  EnableVPID         <integer> = 0x0000000000000001 (1)
  Exclusive          <integer> = 0x0000000000000001 (1)
  HMForced           <integer> = 0x0000000000000001 (1)
  IBPBOnVMEntry      <integer> = 0x0000000000000000 (0)
  IBPBOnVMExit       <integer> = 0x0000000000000000 (0)

[/MM/] (level 1)
  CanUseLargerHeap <integer> = 0x0000000000000000 (0)

[/PDM/] (level 1)

[/PDM/AsyncCompletion/] (level 2)

[/PDM/AsyncCompletion/File/] (level 3)

[/PDM/AsyncCompletion/File/BwGroups/] (level 4)

[/PDM/BlkCache/] (level 2)
  CacheSize <integer> = 0x0000000000500000 (5 242 880, 5 MB)

[/PDM/Devices/] (level 2)

[/PDM/Drivers/] (level 2)

[/PDM/Drivers/VBoxC/] (level 3)
  Path <string>  = "/usr/lib/virtualbox/components/VBoxC" (cb=37)

[/PDM/NetworkShaper/] (level 2)

[/PDM/NetworkShaper/BwGroups/] (level 3)

[/TM/] (level 1)
  UTCOffset <integer> = 0x0000000000000000 (0)

[/USB/] (level 1)

[/USB/USBProxy/] (level 2)

[/USB/USBProxy/GlobalConfig/] (level 3)

!!
!! {clocks}
!!
Cpu Tick:         9456642839 (0x00000233a8eb17) 3199996933Hz paused - virtualized - virtual clock
 Virtual:         2987656198 (0x000000b2140406) 1000000000Hz paused
VirtSync:         2955192170 (0x000000b024a76a) paused
    Real:           39063731 (0x000000025410b3) 1000Hz
!!
!! {cmos1}
!!
First CMOS bank, offsets 0x0E - 0x7F
Offset 00 : --- use 'info rtc' to show CMOS clock --- 00 00
Offset 10 : 00 00 00 00 0e 80 02 00-fc 00 00 00 00 00 00 00
Offset 20 : 00 00 00 00 00 00 00 00-00 00 00 00 00 00 01 8c
Offset 30 : 00 fc 20 00 00 03 00 20-00 00 00 00 00 23 00 00
Offset 40 : 08 02 80 ff ff ff ff 3f-08 02 80 ff ff ff ff 3f
Offset 50 : 00 00 00 00 00 00 00 00-00 00 00 00 00 00 00 00
Offset 60 : 01 00 00 00 00 00 00 00-00 00 00 00 00 00 00 00
Offset 70 : 00 00 00 00 00 00 00 00-01 00 00 00 00 00 00 00
!!
!! {cmos2}
!!
Second CMOS bank, offsets 0x80 - 0xFF
Offset 80 : 00 00 18 00 ff ff ff ff-ff ff 00 00 00 00 00 00
Offset 90 : 00 00 00 00 00 00 00 00-00 00 00 00 00 00 00 00
Offset a0 : 00 00 00 00 00 00 00 00-00 00 00 00 00 00 00 00
Offset b0 : 00 00 00 00 00 00 00 00-00 00 00 00 00 00 00 00
Offset c0 : 00 00 00 00 00 00 00 00-00 00 00 00 00 00 00 00
Offset d0 : 00 00 00 00 00 00 00 00-00 00 00 00 00 00 00 00
Offset e0 : 00 00 00 00 00 00 00 00-00 00 00 00 00 00 00 00
Offset f0 : 00 00 00 00 00 00 00 00-00 00 00 00 00 00 00 00
!!
!! {exithistory}
!!
CPU[0]: VT-x VM-exit history:
  idxExitHistoryFree = 19
  auExitHistory[ 0] = 0x001e  VMX_EXIT_PORT_IO - 30 - I/O instruction. 
  auExitHistory[ 1] = 0x001e  VMX_EXIT_PORT_IO - 30 - I/O instruction. 
  auExitHistory[ 2] = 0x001e  VMX_EXIT_PORT_IO - 30 - I/O instruction. 
  auExitHistory[ 3] = 0x001e  VMX_EXIT_PORT_IO - 30 - I/O instruction. 
  auExitHistory[ 4] = 0x001e  VMX_EXIT_PORT_IO - 30 - I/O instruction. 
  auExitHistory[ 5] = 0x001e  VMX_EXIT_PORT_IO - 30 - I/O instruction. 
  auExitHistory[ 6] = 0x001e  VMX_EXIT_PORT_IO - 30 - I/O instruction. 
  auExitHistory[ 7] = 0x001e  VMX_EXIT_PORT_IO - 30 - I/O instruction. 
  auExitHistory[ 8] = 0x001e  VMX_EXIT_PORT_IO - 30 - I/O instruction. 
  auExitHistory[ 9] = 0x001e  VMX_EXIT_PORT_IO - 30 - I/O instruction. 
  auExitHistory[10] = 0x001e  VMX_EXIT_PORT_IO - 30 - I/O instruction. 
  auExitHistory[11] = 0x001e  VMX_EXIT_PORT_IO - 30 - I/O instruction. 
  auExitHistory[12] = 0x001e  VMX_EXIT_PORT_IO - 30 - I/O instruction. 
  auExitHistory[13] = 0x001e  VMX_EXIT_PORT_IO - 30 - I/O instruction. 
  auExitHistory[14] = 0x001e  VMX_EXIT_PORT_IO - 30 - I/O instruction. 
  auExitHistory[15] = 0x001e  VMX_EXIT_PORT_IO - 30 - I/O instruction. 
  auExitHistory[16] = 0x001e  VMX_EXIT_PORT_IO - 30 - I/O instruction. 
  auExitHistory[17] = 0x0030  VMX_EXIT_EPT_VIOLATION - 48 - EPT violation. 
  auExitHistory[18] = 0x0030  VMX_EXIT_EPT_VIOLATION - 48 - EPT violation. <-- Latest exit
  auExitHistory[19] = 0xffff  <NULL> 
  auExitHistory[20] = 0x001e  VMX_EXIT_PORT_IO - 30 - I/O instruction. 
  auExitHistory[21] = 0x001e  VMX_EXIT_PORT_IO - 30 - I/O instruction. 
  auExitHistory[22] = 0x001e  VMX_EXIT_PORT_IO - 30 - I/O instruction. 
  auExitHistory[23] = 0x001e  VMX_EXIT_PORT_IO - 30 - I/O instruction. 
  auExitHistory[24] = 0x001e  VMX_EXIT_PORT_IO - 30 - I/O instruction. 
  auExitHistory[25] = 0x001e  VMX_EXIT_PORT_IO - 30 - I/O instruction. 
  auExitHistory[26] = 0x001e  VMX_EXIT_PORT_IO - 30 - I/O instruction. 
  auExitHistory[27] = 0x001e  VMX_EXIT_PORT_IO - 30 - I/O instruction. 
  auExitHistory[28] = 0x001e  VMX_EXIT_PORT_IO - 30 - I/O instruction. 
  auExitHistory[29] = 0x001e  VMX_EXIT_PORT_IO - 30 - I/O instruction. 
  auExitHistory[30] = 0x001e  VMX_EXIT_PORT_IO - 30 - I/O instruction. 
HM error = 0x0 (0)
!!
!! {fflags}
!!
Global FFs: 0x600
    REQUEST, CHECK_VM_STATE
  Groups:
    EXTERNAL_SUSPENDED, EXTERNAL_HALTED, HIGH_PRIORITY_PRE, NORMAL_PRIORITY_POST, NORMAL_PRIORITY,
    ALL_REM
CPU 0 FFs: 0x4
    TIMER
  Groups:
    EXTERNAL_HALTED, HIGH_PRIORITY_PRE, HM_TO_R3, ALL_REM
!!
!! {gdtguest}
!!
Guest GDT (GCAddr=0000000000108254 limit=17):
0008 - 0000ff00 00cf9b00 - base=00000000 limit=fff00fff dpl=0 CodeER Accessed Present Page 32-bit 
0010 - 80000000 00008000 - base=00008000 limit=00000000 dpl=0 Reserved0 Present 16-bit 
!!
!! {guestprops}
!!
/VirtualBox/HostInfo/GUI/LanguageID: 'en_US', 1523217793364011000 (RDONLYGUEST)
/VirtualBox/HostInfo/VBoxVerExt: '5.1.34_Ubuntu', 1523284854112703000 (TRANSIENT, RDONLYGUEST)
/VirtualBox/HostGuest/SysprepExec: '', 1523284854112533000 (TRANSIENT, RDONLYGUEST)
/VirtualBox/HostGuest/SysprepArgs: '', 1523284854112551000 (TRANSIENT, RDONLYGUEST)
/VirtualBox/HostInfo/VBoxRev: '121010', 1523284854112718000 (TRANSIENT, RDONLYGUEST)
/VirtualBox/HostInfo/VBoxVer: '5.1.34', 1523284854112686000 (TRANSIENT, RDONLYGUEST)
!!
!! {hmeventpending}
!!
CPU[0]: HM event (fPending=false)
!!
!! {ioport}
!!
I/O Port R3 ranges (pVM=00007fbe5001a000)
Range     pDevIns          In               Out              pvUser           Description
0000-0007 00007fbe082b2720 00007fbe14b98f50 00007fbe14b99aa0 00007fbe082b2830 DMA8 Address
0008-000f 00007fbe082b2720 00007fbe14b98fe0 00007fbe14b99b50 00007fbe082b2830 DMA8 Control
0020-0021 00007fbe16afbee0 00007fbe14b77430 00007fbe14b775c0 0000000000000000 i8259 PIC #0
0040-0043 00007fbe16afc3b0 00007fbe14b74450 00007fbe14b76160 0000000000000000 i8254 Programmable Interval Timer
0060-0060 00007fbe16afb1c0 00007fbe14b49c20 00007fbe14b49fe0 0000000000000000 PC Keyboard - Data
0061-0061 00007fbe16afc3b0 00007fbe14b74fb0 00007fbe14b75310 0000000000000000 PC Speaker
0064-0064 00007fbe16afb1c0 00007fbe14b493d0 00007fbe14b49cb0 0000000000000000 PC Keyboard - Command / Status
0070-0073 00007fbe16afc8a0 00007fbe14b7d540 00007fbe14b7f130 0000000000000000 MC146818 RTC/CMOS
0080-0087 00007fbe082b2720 00007fbe14b99c80 00007fbe14b99ce0 00007fbe082b2830 DMA8 Page
0088-008f 00007fbe082b2720 00007fbe14b99c80 00007fbe14b99ce0 00007fbe082b28d0 DMA16 Page
0092-0092 00007fbe082508c0 00007fbe14b85820 00007fbe14b85c30 0000000000000000 PS/2 system control port A (A20 and more)
00a0-00a1 00007fbe16afbee0 00007fbe14b77430 00007fbe14b775c0 0000000000000001 i8259 PIC #1
00c0-00cf 00007fbe082b2720 00007fbe14b98f50 00007fbe14b99aa0 00007fbe082b28d0 DMA16 Address
00d0-00df 00007fbe082b2720 00007fbe14b98fe0 00007fbe14b99b50 00007fbe082b28d0 DMA16 Control
00f0-00ff 00007fbe082508c0 00007fbe14b857e0 00007fbe14b857f0 0000000000000000 Math Co-Processor (DOS/OS2 mode)
01ce-01ce 00007fbe50000000 00007fbe14b619e0 00007fbe14b61800 0000000000000000 VGA/VBE - Index
01cf-01cf 00007fbe50000000 00007fbe14b61870 00007fbe14b642d0 0000000000000000 VGA/VBE - Data
03b0-03b3 00007fbe50000000 00007fbe14b62960 00007fbe14b629e0 0000000000000000 VGA - 3b0 (HGSMI host)
03b4-03b5 00007fbe50000000 00007fbe14b5eaf0 00007fbe14b62f70 0000000000000000 VGA - 3b4
03b6-03b6 00007fbe50000000 00007fbe14b5ebc0 00007fbe14b5eba0 0000000000000000 VBE BIOS Extra Data
03b7-03b7 00007fbe50000000 00007fbe14b5eb70 00007fbe14b5eb80 0000000000000000 VGA BIOS debug/panic
03b8-03b8 00007fbe50000000 00007fbe14b5ef80 00007fbe14b61a40 0000000000000000 BIOS Logo
03ba-03ba 00007fbe50000000 00007fbe14b5eaf0 00007fbe14b62f70 0000000000000000 VGA - 3ba
03c0-03cf 00007fbe50000000 00007fbe14b5eaf0 00007fbe14b62f70 0000000000000000 VGA - 3c0
03d0-03d3 00007fbe50000000 00007fbe14b62960 00007fbe14b629e0 0000000000000000 VGA - 3d0 (HGSMI guest)
03d4-03d5 00007fbe50000000 00007fbe14b5eaf0 00007fbe14b62f70 0000000000000000 VGA - 3d4
03da-03da 00007fbe50000000 00007fbe14b5eaf0 00007fbe14b62f70 0000000000000000 VGA - 3da
0400-0403 00007fbe08250e60 00007fbe14b7f610 00007fbe14b80990 0000000000000000 Bochs PC BIOS - Panic & Debug
04d0-04d0 00007fbe16afbee0 00007fbe14b76500 00007fbe14b767a0 00007fbe16afbfe0 i8259 PIC #0 - elcr
04d1-04d1 00007fbe16afbee0 00007fbe14b76500 00007fbe14b767a0 00007fbe16afc028 i8259 PIC #1 - elcr
0504-0504 00007fbe16afd0e0 00007fbe4107b6e0 00007fbe14b88de0 0000000000000000 VMMDev backdoor logging
0505-0505 00007fbe16afd0e0 00007fbe14b86fb0 00007fbe14b88cb0 0000000000000000 VMMDev timesync backdoor
0cf8-0cf8 00007fbe16afa160 00007fbe14b50ea0 00007fbe14b52370 0000000000000000 i440FX (PCI)
0cfc-0cff 00007fbe16afa160 00007fbe14b50f80 00007fbe14b50f00 0000000000000000 i440FX (PCI)
4000-4000 00007fbe16b10ff0 00007fbe14b78300 00007fbe14b7bf20 00007fbe16b110f0 ACPI PM1a Status
4002-4002 00007fbe16b10ff0 00007fbe14b78360 00007fbe14b7bfa0 00007fbe16b110f0 ACPI PM1a Enable
4004-4004 00007fbe16b10ff0 00007fbe14b782a0 00007fbe14b78f10 00007fbe16b110f0 ACPI PM1a Control
4008-4008 00007fbe16b10ff0 00007fbe14b7c170 00007fbe4107b180 00007fbe16b110f0 ACPI PM Timer
4020-4020 00007fbe16b10ff0 00007fbe14b781e0 00007fbe14b7c880 00007fbe16b110f0 ACPI GPE0 Status
4021-4021 00007fbe16b10ff0 00007fbe14b78240 00007fbe14b7c8f0 00007fbe16b110f0 ACPI GPE0 Enable
4040-4040 00007fbe16b10ff0 00007fbe4107b6e0 00007fbe14b78db0 00007fbe16b110f0 ACPI Battery status index
4044-4044 00007fbe16b10ff0 00007fbe14b788d0 00007fbe4107b180 00007fbe16b110f0 ACPI Battery status data
4048-4048 00007fbe16b10ff0 00007fbe4107b6e0 00007fbe14b78d10 00007fbe16b110f0 ACPI system info index
404c-404c 00007fbe16b10ff0 00007fbe14b785a0 00007fbe14b79190 00007fbe16b110f0 ACPI system info data
4050-4050 00007fbe16b10ff0 00007fbe4107b6e0 00007fbe14b79120 00007fbe16b110f0 ACPI Reset
4100-410f 00007fbe16b10ff0 00007fbe14b783c0 00007fbe14b7ca10 00007fbe16b110f0 SMBus
442e-442e 00007fbe16b10ff0 00007fbe4107b6e0 00007fbe14b78e30 00007fbe16b110f0 ACPI SMI
8900-8900 00007fbe08250e60 00007fbe14b7f610 00007fbe14b80990 0000000000000000 Bochs PC BIOS - Shutdown
d000-d00f 00007fbe16b0c840 00007fbe14b92890 00007fbe14b92740 0000000000000000 PCNet ARPOM
d010-d01f 00007fbe16b0c840 00007fbe14b98240 00007fbe14b98ef0 0000000000000000 PCNet
d020-d020 00007fbe16afd0e0 00007fbe4107b6e0 00007fbe14b8abb0 00007fbe16afd1e0 VMMDev Request Handler
d100-d1ff 00007fbe082e3970 00007fbe14c1f0d0 00007fbe14c1ee00 00007fbe082e3a70 ICHAC97 NAM
d200-d23f 00007fbe082e3970 00007fbe14c1bad0 00007fbe14c1d2e0 00007fbe082e3a70 ICHAC97 NABM
d240-d247 00007fbe16b04fe0 00007fbe14bfeb30 00007fbe14bfeb20 0000000000000000 AHCI Fake
d250-d257 00007fbe16b04fe0 00007fbe14bfeb30 00007fbe14bfeb20 0000000000000000 AHCI Fake
d260-d26f 00007fbe16b04fe0 00007fbe14c03090 00007fbe14c03190 0000000000000000 AHCI IDX/DATA
I/O Port R0 ranges (pVM=00007fbe5001a000)
Range     pDevIns          In               Out              pvUser           Description
0020-0021 00007fbe16afbee0 ffffffffc025a950 ffffffffc025aae0 0000000000000000 i8259 PIC #0
0040-0043 00007fbe16afc3b0 ffffffffc0259f50 ffffffffc025a140 0000000000000000 i8254 Programmable Interval Timer
0060-0060 00007fbe16afb1c0 ffffffffc02584f0 ffffffffc0258570 0000000000000000 PC Keyboard - Data
0064-0064 00007fbe16afb1c0 ffffffffc0258710 ffffffffc0258750 0000000000000000 PC Keyboard - Command / Status
0070-0073 00007fbe16afc8a0 ffffffffc025b1f0 ffffffffc025b330 0000000000000000 MC146818 RTC/CMOS
00a0-00a1 00007fbe16afbee0 ffffffffc025a950 ffffffffc025aae0 0000000000000001 i8259 PIC #1
01ce-01ce 00007fbe50000000 ffffffffc0257820 ffffffffc0257640 0000000000000000 VGA/VBE - Index (GC)
01cf-01cf 00007fbe50000000 ffffffffc02576b0 ffffffffc02572f0 0000000000000000 VGA/VBE - Data (GC)
03b4-03b5 00007fbe50000000 ffffffffc0257270 ffffffffc02571e0 0000000000000000 VGA - 3b4 (GC)
03b7-03b7 00007fbe50000000 ffffffffc0258340 ffffffffc0258350 0000000000000000 VGA BIOS debug/panic
03ba-03ba 00007fbe50000000 ffffffffc0257270 ffffffffc02571e0 0000000000000000 VGA - 3ba (GC)
03c0-03cf 00007fbe50000000 ffffffffc0257270 ffffffffc02571e0 0000000000000000 VGA - 3c0 (GC)
03d4-03d5 00007fbe50000000 ffffffffc0257270 ffffffffc02571e0 0000000000000000 VGA - 3d4 (GC)
03da-03da 00007fbe50000000 ffffffffc0257270 ffffffffc02571e0 0000000000000000 VGA - 3da (GC)
04d0-04d0 00007fbe16afbee0 ffffffffc025af90 ffffffffc025b000 00007fbe16afbfe0 i8259 PIC #0 - elcr
04d1-04d1 00007fbe16afbee0 ffffffffc025af90 ffffffffc025b000 00007fbe16afc028 i8259 PIC #1 - elcr
0cf8-0cf8 00007fbe16afa160 ffffffffc0255410 ffffffffc02553b0 0000000000000000 i440FX (PCI)
0cfc-0cff 00007fbe16afa160 ffffffffc0255500 ffffffffc0255470 0000000000000000 i440FX (PCI)
4008-4008 00007fbe16b10ff0 ffffffffc0259590 0000000000000000 0000000000000000 ACPI PM Timer
d000-d00f 00007fbe16b0c840 ffffffffc02616e0 ffffffffc02617c0 0000000000000000 PCNet aprom
d010-d01f 00007fbe16b0c840 ffffffffc0261810 ffffffffc02618f0 0000000000000000 PCNet
d240-d247 00007fbe16b04fe0 ffffffffc02698a0 ffffffffc0269890 0000000000000000 AHCI Fake
d250-d257 00007fbe16b04fe0 ffffffffc02698a0 ffffffffc0269890 0000000000000000 AHCI Fake
d260-d26f 00007fbe16b04fe0 ffffffffc0269910 ffffffffc02698b0 0000000000000000 AHCI IDX/DATA
I/O Port GC ranges (pVM=00007fbe5001a000)
Range     pDevIns  In       Out      pvUser   Description
!!
!! {irqroute}
!!
PCI interrupt router at: 00:01:0
PIRQA -> IRQ11
PIRQB -> IRQ11
PIRQC -> IRQ10
PIRQD -> IRQ9
!!
!! {ldtguest}
!!
Guest LDT (Sel=0): Null-Selector
!!
!! {mmio}
!!
MMIO ranges (pVM=00007fbe5001a000)
GC Phys Range                     pDevIns          Read             Write            Fill             pvUser           Description
00000000000a0000-00000000000bffff 00007fbe50000000 00007fbe14b62790 00007fbe14b61320 00007fbe14b61db0 0000000000000000 VGA - VGA Video Buffer
                               R0 00007fbe50000000 ffffffffc0257f30 ffffffffc0258100 ffffffffc0257880 0000000000000000
                               RC 00000000 00000000 00000000 00000000 00000000
00000000000c9000-00000000000dffff 00007fbe082508c0 00007fbe14b859f0 00007fbe14b85860 0000000000000000 0000000000000000 PC Arch Reserved #0
                               R0 0000000000000000 0000000000000000 0000000000000000 0000000000000000 0000000000000000
                               RC 00000000 00000000 00000000 00000000 00000000
00000000f0000000-00000000f0000fff 00007fbe16b0c840 00007fbe14b980e0 00007fbe14b98d40 0000000000000000 00007fbe16b0c940 PCNet
                               R0 0000000000000000 0000000000000000 0000000000000000 0000000000000000 0000000000000000
                               RC 00000000 00000000 00000000 00000000 00000000
00000000f0804000-00000000f0804fff 00007fbe16b0f660 00007fbe14bcca90 00007fbe14bccb10 0000000000000000 0000000000000000 USB OHCI
                               R0 00007fbe16b0f660 ffffffffc0268d60 ffffffffc0268de0 0000000000000000 0000000000000000
                               RC 00000000 00000000 00000000 00000000 00000000
00000000f0806000-00000000f0807fff 00007fbe16b04fe0 00007fbe14c03070 00007fbe14c06ba0 0000000000000000 0000000000000000 AHCI
                               R0 00007fbe16b04fe0 ffffffffc02697c0 ffffffffc02697e0 0000000000000000 0000000000000000
                               RC 00000000 00000000 00000000 00000000 00000000
00000000fee00000-00000000fee00fff 00007fbe16afbb40 00007fbe411b84f0 00007fbe411b9510 0000000000000000 0000000000000000 APIC
                               R0 00007fbe16afbb40 ffffffffc0200f10 ffffffffc0201de0 0000000000000000 0000000000000000
                               RC 00000000 00000000 00000000 00000000 00000000
!!
!! {nat0}
!!
NAT parameters: MTU=1500
NAT TCP ports:
NAT UDP ports:
NAT ARP cache:
NAT rules:
!!
!! {ohci}
!!
HcControl: 00000200 - CBSR=0 PLE=0 IE=0 CLE=0 BLE=0 HCFS=0x0 IR=0 RWC=1 RWE=0
HcCommandStatus:   00000000 - HCR=0 CLF=0 BLF=0 OCR=0 SOC=0
HcInterruptStatus: 00000000 - SO=0 WDH=0 SF=0 RD=0 UE=0 FNO=0 RHSC=0 OC=0
HcInterruptEnable: 80000000 - SO=0 WDH=0 SF=0 RD=0 UE=0 FNO=0 RHSC=0 OC=0 MIE=1
HcHCCA: 00000000
HcPeriodCurrentED:  00000000
HcControlHeadED:    00000000
HcControlCurrentED: 00000000
HcBulkHeadED:       00000000
HcBulkCurrentED:    00000000
HcDoneHead:         00000000

!!
!! {pci}
!!
00:00:00 i440FX: 8086-1237
        Command: 00 00, Status: 00 00
        Bus master: No
00:01:00 PIIX3: 8086-7000
        Command: 07 00, Status: 00 02
        Bus master: Yes
00:02:00 vga: 80ee-beef IRQ11 (INTA#->IRQ18)
        MMIO32 PREFETCH region #0: e0000000..e4000000
        Command: 07 00, Status: 00 00
        Bus master: Yes
00:03:00 pcnet: 1022-2000 IRQ10 (INTA#->IRQ19)
        IO region #0: d000..d020
        MMIO32 region #1: f0000000..f0001000
        Command: 07 00, Status: 80 02
        Bus master: Yes
00:04:00 VMMDev: 80ee-cafe IRQ9 (INTA#->IRQ20)
        IO region #0: d020..d040
        MMIO32 region #1: f0400000..f0800000
        MMIO32 PREFETCH region #2: f0800000..f0804000
        Command: 07 00, Status: 00 00
        Bus master: Yes
00:05:00 ichac97: 8086-2415 IRQ11 (INTA#->IRQ21)
        IO region #0: d100..d200
        IO region #1: d200..d240
        Command: 07 00, Status: 80 02
        Bus master: Yes
00:06:00 usb-ohci: 106b-003f IRQ11 (INTA#->IRQ22)
        MMIO32 region #0: f0804000..f0805000
        Command: 07 00, Status: 10 00
        Bus master: Yes
00:07:00 acpi: 8086-7113 IRQ9 (INTA#->IRQ23)
        Command: 07 00, Status: 80 02
        Bus master: Yes
00:0d:00 ahci: 8086-2829 IRQ11 (INTA#->IRQ21)
        IO region #0: d240..d248
        IO region #1: d248..d249
        IO region #2: d250..d258
        IO region #3: d258..d259
        IO region #4: d260..d270
        MMIO32 region #5: f0806000..f0808000
        Command: 07 00, Status: 10 00
        Bus master: Yes
!!
!! {pciirq}
!!
PCI I/O APIC IRQ levels:
  IRQ16: 0
  IRQ17: 0
  IRQ18: 0
  IRQ19: 0
  IRQ20: 0
  IRQ21: 0
  IRQ22: 0
  IRQ23: 0
!!
!! {pcnet0}
!!
pcnet #0: port=d000 mmio=f0000000 mac-cfg=08:00:27:57:31:cd Am79C973 RC R0
CSR0=0x0004:
CSR1=0x0000:
CSR2=0x0000:
CSR3=0x0000: BSWP=0 EMBA=0 DXMT2PD=0 LAPPEN=0 DXSUFLO=0 IDONM=0 TINTM=0 RINTM=0 MERRM=0 MISSM=0 BABLM=0
CSR4=0x0115: JABM=1 JAB=0 TXSTRM=1 TXSTRT=0 RCVCOOM=1 RCVCCO=0 UINT=0 UINTCMD=0
              MFCOM=1 MFCO=0 ASTRP_RCV=0 APAD_XMT=0 DPOLL=0 TIMER=0 EMAPLUS=0 EN124=0
CSR5=0x0000:
CSR6=0x0000: RLEN=0x0* TLEN=0x0* [* encoded]
CSR8..11=0x0000,0x0000,0x0000,0x0000: LADRF=0x0000000000000000
CSR12..14=0x0008,0x5727,0xcd31: PADR=08:00:27:57:31:cd (Current MAC Address)
CSR15=0x0000: DXR=0 DTX=0 LOOP=0 DXMTFCS=0 FCOLL=0 DRTY=0 INTL=0 PORTSEL=0 LTR=0
              MENDECL=0 DAPC=0 DLNKTST=0 DRCVPV=0 DRCVBC=0 PROM=0
CSR46=0x0000: POLL=0x0000 (Poll Time Counter)
CSR47=0x0000: POLLINT=0x0000 (Poll Time Interval)
CSR58=0x0200: SWSTYLE=0 C-LANCE / PCnet-ISA SSIZE32=0 CSRPCNET=1 APERRENT=0
CSR112=0000: MFC=0000 (Missed receive Frame Count)
CSR122=0000: RCVALGN=0000 (Receive Frame Align)
CSR124=0000: RPA=0000 (Runt Packet Accept)
RCVRL=0001 RCVRC=0001  GCRDRA=0 
CRDA=00000000 CRBA=00000000 CRBC=000 CRST=0000
NRDA=00000000 NRBA=00000000 NRBC=000 NRST=0000
NNRDA=00000000
XMTRL=0001 XMTRC=0001  GCTDRA=00000000 BADX=00000000
PXDA=00000000               PXBC=000 PXST=0000
CXDA=00000000 CXBA=00000000 CXBC=000 CXST=0000
NXDA=00000000 NXBA=00000000 NXBC=000 NXST=0000
NNXDA=00000000
!!
!! {pdmtracingids}
!!
Device tracing IDs:
00001  pcarch
00002  pcbios
00003  pci
00004  pckbd
00005  apic
00006  i8259
00007  i8254
00008  mc146818
00009  8237A
00010  VMMDev
00011  vga
00012  ahci
00013  pcnet
00014  ichac97
00015  usb-ohci
00016  acpi
USB device tracing IDs:
Driver tracing IDs:
01025  KeyboardQueue (level 0, lun 0, dev pckbd)
01026  MainKeyboard (level 1, lun 0, dev pckbd)
01027  MouseQueue (level 0, lun 1, dev pckbd)
01028  MainMouse (level 1, lun 1, dev pckbd)
01029  HGCM (level 0, lun 0, dev VMMDev)
01030  MainStatus (level 0, lun 999, dev VMMDev)
01031  MainDisplay (level 0, lun 0, dev vga)
01032  MainStatus (level 0, lun 999, dev vga)
01033  VD (level 0, lun 0, dev ahci)
01034  VD (level 0, lun 1, dev ahci)
01035  MainStatus (level 0, lun 999, dev ahci)
01036  MainStatus (level 0, lun 999, dev pcnet)
01037  NAT (level 0, lun 0, dev pcnet)
01038  AUDIO (level 0, lun 0, dev ichac97)
01039  PulseAudio (level 1, lun 0, dev ichac97)
01040  AUDIO (level 0, lun 1, dev ichac97)
01041  AudioVRDE (level 1, lun 1, dev ichac97)
01042  VUSBRootHub (level 0, lun 0, dev usb-ohci)
01043  MainStatus (level 0, lun 999, dev usb-ohci)
01044  ACPIHost (level 0, lun 0, dev acpi)
!!
!! {phys}
!!
RAM ranges (pVM=00007fbe5001a000)
GC Phys Range                     pvHC            
0000000000000000-0000000003ffffff 0000000000000000 Base RAM
00000000e0000000-00000000e31fffff 00007fbde8e00000 VRam
00000000f0000000-00000000f0000fff 0000000000000000 PCNet
00000000f0400000-00000000f07fffff 00007fbe142d2000 VMMDev
00000000f0800000-00000000f0803fff 00007fbe50014000 VMMDev Heap
00000000f0804000-00000000f0804fff 0000000000000000 USB OHCI
00000000f0806000-00000000f0807fff 0000000000000000 AHCI
00000000fee00000-00000000fee00fff 0000000000000000 APIC
00000000ffff0000-00000000ffffffff 0000000000000000 PC BIOS - 0xffffffff
!!
!! {pic}
!!
PIC0:
 IMR :00 ISR   :00 IRR   :00 LIRR:00
 Base:20 PriAdd:00 RegSel:00
 Poll:00 SpMask:00 IState:00
 AEOI:00 Rotate:00 FNest :00 Ini4:01
 ELCR:00 ELMask:f8
PIC1:
 IMR :00 ISR   :00 IRR   :00 LIRR:00
 Base:28 PriAdd:00 RegSel:00
 Poll:00 SpMask:00 IState:00
 AEOI:00 Rotate:00 FNest :00 Ini4:01
 ELCR:0e ELMask:de
!!
!! {pit}
!!
PIT (i8254) channel 0 status: irq=0x0
      count=00010000  latched_count=0000  count_latched=00
           status=00   status_latched=00     read_state=03
      write_state=03      write_latch=00        rw_mode=03
             mode=02              bcd=00           gate=01
  count_load_time=0000000095128361 next_transition_time=00000000b2895e84
      u64ReloadTS=00000000af43462b            u64NextTS=00000000b2895e84
PIT (i8254) channel 1 status: irq=0x0
      count=00010000  latched_count=0000  count_latched=00
           status=00   status_latched=00     read_state=00
      write_state=00      write_latch=00        rw_mode=00
             mode=03              bcd=00           gate=01
  count_load_time=0000000000000000 next_transition_time=0000000000000000
      u64ReloadTS=0000000000000000            u64NextTS=ffffffffffffffff
PIT (i8254) channel 2 status: irq=0x0
      count=0000ffff  latched_count=0000  count_latched=00
           status=00   status_latched=00     read_state=03
      write_state=03      write_latch=ff        rw_mode=03
             mode=00              bcd=00           gate=00
  count_load_time=000000009685806e next_transition_time=0000000000000000
      u64ReloadTS=000000009685806e            u64NextTS=ffffffffffffffff
speaker_data_on=0x0
!!
!! {plugins}
!!
No plug-ins loaded
!!
!! {ps2k}
!!
PS/2 Keyboard: scan set 2, scanning enabled
Active command 00
LED state 00, Num Lock off
Typematic delay 500ms, repeat period 91ms
Command queue: 0 items (4 max)
Input queue  : 0 items (64 max)
Active typematic key 2B (delay)
!!
!! {ps2m}
!!
PS/2 mouse state: normal, stream mode, reporting disabled
Protocol: PS/2, scaling 1:1
Active command 00
Sampling rate 100 reports/sec, resolution 4 counts/mm
Command queue: 0 items (8 max)
Event queue  : 0 items (256 max)
!!
!! {rtc}
!!
Time: 11:40:55  Date: 18-04-09
REG A=26 B=02 C=00 D=80
!!
!! {tracebuf}
!!
Tracing is disable
!!
!! {trpmevent}
!!
CPU[0]: TRPM event (None)
!!
!! {vbe}
!!
LFB at 00000000e0000000
VBE disabled
!!
!! {vga}
!!
pixel clock: 28.322 MHz
double scanning off
double clocking off
htotal: 900 px (100 cclk)
vtotal: 449 px
hdisp : 720 px (80 cclk)
vdisp : 400 px
split : 1023 ln
start : 0x0
char height 16
text mode 80x25
cbLine:   0x280
offStart: 0x0 (line 0x0)
display refresh interval: 20 ms
!!
!! {vgaar}
!!
VGA Attribute Controller (3C0): index reg 20, flip-flop: 0 (index)
 Palette: 00 01 02 03 04 05 14 07 38 39 3A 3B 3C 3D 3E 3F
 AR10:0C AR11:00 AR12:0F AR13:08 AR14:00
!!
!! {vgacr}
!!
VGA CRTC (3D5): CRTC index 3D4:0E
 CR00:5F CR01:4F CR02:50 CR03:82 CR04:55 CR05:81 CR06:BF CR07:1F CR08:00 CR09:4F
 CR0A:0E CR0B:0F CR0C:00 CR0D:00 CR0E:00 CR0F:1C CR10:9C CR11:8E CR12:8F CR13:28
 CR14:1F CR15:96 CR16:B9 CR17:A3 CR18:FF
!!
!! {vgadac}
!!
VGA DAC contents:
 00: 00 00 00
 01: 00 00 2A
 02: 00 2A 00
 03: 00 2A 2A
 04: 2A 00 00
 05: 2A 00 2A
 06: 2A 2A 00
 07: 2A 2A 2A
 08: 00 00 15
 09: 00 00 3F
 0A: 00 2A 15
 0B: 00 2A 3F
 0C: 2A 00 15
 0D: 2A 00 3F
 0E: 2A 2A 15
 0F: 2A 2A 3F
 10: 00 15 00
 11: 00 15 2A
 12: 00 3F 00
 13: 00 3F 2A
 14: 2A 15 00
 15: 2A 15 2A
 16: 2A 3F 00
 17: 2A 3F 2A
 18: 00 15 15
 19: 00 15 3F
 1A: 00 3F 15
 1B: 00 3F 3F
 1C: 2A 15 15
 1D: 2A 15 3F
 1E: 2A 3F 15
 1F: 2A 3F 3F
 20: 15 00 00
 21: 15 00 2A
 22: 15 2A 00
 23: 15 2A 2A
 24: 3F 00 00
 25: 3F 00 2A
 26: 3F 2A 00
 27: 3F 2A 2A
 28: 15 00 15
 29: 15 00 3F
 2A: 15 2A 15
 2B: 15 2A 3F
 2C: 3F 00 15
 2D: 3F 00 3F
 2E: 3F 2A 15
 2F: 3F 2A 3F
 30: 15 15 00
 31: 15 15 2A
 32: 15 3F 00
 33: 15 3F 2A
 34: 3F 15 00
 35: 3F 15 2A
 36: 3F 3F 00
 37: 3F 3F 2A
 38: 15 15 15
 39: 15 15 3F
 3A: 15 3F 15
 3B: 15 3F 3F
 3C: 3F 15 15
 3D: 3F 15 3F
 3E: 3F 3F 15
 3F: 3F 3F 3F
 40: 00 00 00
 41: 00 00 00
 42: 00 00 00
 43: 00 00 00
 44: 00 00 00
 45: 00 00 00
 46: 00 00 00
 47: 00 00 00
 48: 00 00 00
 49: 00 00 00
 4A: 00 00 00
 4B: 00 00 00
 4C: 00 00 00
 4D: 00 00 00
 4E: 00 00 00
 4F: 00 00 00
 50: 00 00 00
 51: 00 00 00
 52: 00 00 00
 53: 00 00 00
 54: 00 00 00
 55: 00 00 00
 56: 00 00 00
 57: 00 00 00
 58: 00 00 00
 59: 00 00 00
 5A: 00 00 00
 5B: 00 00 00
 5C: 00 00 00
 5D: 00 00 00
 5E: 00 00 00
 5F: 00 00 00
 60: 00 00 00
 61: 00 00 00
 62: 00 00 00
 63: 00 00 00
 64: 00 00 00
 65: 00 00 00
 66: 00 00 00
 67: 00 00 00
 68: 00 00 00
 69: 00 00 00
 6A: 00 00 00
 6B: 00 00 00
 6C: 00 00 00
 6D: 00 00 00
 6E: 00 00 00
 6F: 00 00 00
 70: 00 00 00
 71: 00 00 00
 72: 00 00 00
 73: 00 00 00
 74: 00 00 00
 75: 00 00 00
 76: 00 00 00
 77: 00 00 00
 78: 00 00 00
 79: 00 00 00
 7A: 00 00 00
 7B: 00 00 00
 7C: 00 00 00
 7D: 00 00 00
 7E: 00 00 00
 7F: 00 00 00
 80: 00 00 00
 81: 00 00 00
 82: 00 00 00
 83: 00 00 00
 84: 00 00 00
 85: 00 00 00
 86: 00 00 00
 87: 00 00 00
 88: 00 00 00
 89: 00 00 00
 8A: 00 00 00
 8B: 00 00 00
 8C: 00 00 00
 8D: 00 00 00
 8E: 00 00 00
 8F: 00 00 00
 90: 00 00 00
 91: 00 00 00
 92: 00 00 00
 93: 00 00 00
 94: 00 00 00
 95: 00 00 00
 96: 00 00 00
 97: 00 00 00
 98: 00 00 00
 99: 00 00 00
 9A: 00 00 00
 9B: 00 00 00
 9C: 00 00 00
 9D: 00 00 00
 9E: 00 00 00
 9F: 00 00 00
 A0: 00 00 00
 A1: 00 00 00
 A2: 00 00 00
 A3: 00 00 00
 A4: 00 00 00
 A5: 00 00 00
 A6: 00 00 00
 A7: 00 00 00
 A8: 00 00 00
 A9: 00 00 00
 AA: 00 00 00
 AB: 00 00 00
 AC: 00 00 00
 AD: 00 00 00
 AE: 00 00 00
 AF: 00 00 00
 B0: 00 00 00
 B1: 00 00 00
 B2: 00 00 00
 B3: 00 00 00
 B4: 00 00 00
 B5: 00 00 00
 B6: 00 00 00
 B7: 00 00 00
 B8: 00 00 00
 B9: 00 00 00
 BA: 00 00 00
 BB: 00 00 00
 BC: 00 00 00
 BD: 00 00 00
 BE: 00 00 00
 BF: 00 00 00
 C0: 00 00 00
 C1: 00 00 00
 C2: 00 00 00
 C3: 00 00 00
 C4: 00 00 00
 C5: 00 00 00
 C6: 00 00 00
 C7: 00 00 00
 C8: 00 00 00
 C9: 00 00 00
 CA: 00 00 00
 CB: 00 00 00
 CC: 00 00 00
 CD: 00 00 00
 CE: 00 00 00
 CF: 00 00 00
 D0: 00 00 00
 D1: 00 00 00
 D2: 00 00 00
 D3: 00 00 00
 D4: 00 00 00
 D5: 00 00 00
 D6: 00 00 00
 D7: 00 00 00
 D8: 00 00 00
 D9: 00 00 00
 DA: 00 00 00
 DB: 00 00 00
 DC: 00 00 00
 DD: 00 00 00
 DE: 00 00 00
 DF: 00 00 00
 E0: 00 00 00
 E1: 00 00 00
 E2: 00 00 00
 E3: 00 00 00
 E4: 00 00 00
 E5: 00 00 00
 E6: 00 00 00
 E7: 00 00 00
 E8: 00 00 00
 E9: 00 00 00
 EA: 00 00 00
 EB: 00 00 00
 EC: 00 00 00
 ED: 00 00 00
 EE: 00 00 00
 EF: 00 00 00
 F0: 00 00 00
 F1: 00 00 00
 F2: 00 00 00
 F3: 00 00 00
 F4: 00 00 00
 F5: 00 00 00
 F6: 00 00 00
 F7: 00 00 00
 F8: 00 00 00
 F9: 00 00 00
 FA: 00 00 00
 FB: 00 00 00
 FC: 00 00 00
 FD: 00 00 00
 FE: 00 00 00
 FF: 00 00 00
!!
!! {vgagr}
!!
VGA Graphics Controller (3CF): GR index 3CE:05
 GR00:00 GR01:00 GR02:00 GR03:00 GR04:00 GR05:10 GR06:0E GR07:0F GR08:FF
!!
!! {vgapl}
!!
read mode     : 0     write mode: 0
set/reset data: 00    S/R enable: 00
color compare : 00    read map  : 0
rotate        : 0     function  : 0
don't care    : 0F    bit mask  : FF
seq plane mask: 03    chain-4   : off
!!
!! {vgasr}
!!
VGA Sequencer (3C5): SR index 3C4:03
 SR00:03 SR01:00 SR02:03 SR03:00 SR04:02 SR05:00 SR06:00 SR07:00
!!
!! {vgatext}
!!
------------------------------------ 80x25 -------------------------------------
Available RAM: 2958012 bytes                                                    
                                                                                
                                                                                
                                                                                
                                                                                
                                                                                
                                                                                
                                                                                
                                                                                
                                                                                
                                                                                
                                                                                
                                                                                
                                                                                
                                                                                
                                                                                
                                                                                
                                                                                
                                                                                
                                                                                
                                                                                
                                                                                
                                                                                
                                                                                
                                                                                
--------------------------------------------------------------------------------
!!!!!!!!!!!!!!!!!!!!!!!!!!!!!!!!!!!!!!!!!!!!!!!!!!!!!!!!!!!!!!!!!!!!!!
